{"C:\\Users\\Micro\\Desktop\\Projetos\\PFC\\api\\src\\app.ts": {"path":"C:\\Users\\Micro\\Desktop\\Projetos\\PFC\\api\\src\\app.ts","statementMap":{"0":{"start":{"line":1,"column":0},"end":{"line":1,"column":30}},"1":{"start":{"line":2,"column":0},"end":{"line":2,"column":24}},"2":{"start":{"line":3,"column":0},"end":{"line":3,"column":43}},"3":{"start":{"line":4,"column":0},"end":{"line":4,"column":35}},"4":{"start":{"line":5,"column":0},"end":{"line":5,"column":35}},"5":{"start":{"line":6,"column":0},"end":{"line":6,"column":41}},"6":{"start":{"line":7,"column":12},"end":{"line":7,"column":21}},"7":{"start":{"line":8,"column":0},"end":{"line":8,"column":24}},"8":{"start":{"line":9,"column":0},"end":{"line":13,"column":4}},"9":{"start":{"line":14,"column":0},"end":{"line":14,"column":24}},"10":{"start":{"line":15,"column":0},"end":{"line":18,"column":4}},"11":{"start":{"line":19,"column":0},"end":{"line":19,"column":16}},"12":{"start":{"line":21,"column":0},"end":{"line":21,"column":19}}},"fnMap":{},"branchMap":{},"s":{"0":0,"1":0,"2":0,"3":0,"4":0,"5":0,"6":0,"7":0,"8":0,"9":0,"10":0,"11":0,"12":0},"f":{},"b":{}}
,"C:\\Users\\Micro\\Desktop\\Projetos\\PFC\\api\\src\\server.ts": {"path":"C:\\Users\\Micro\\Desktop\\Projetos\\PFC\\api\\src\\server.ts","statementMap":{"0":{"start":{"line":1,"column":0},"end":{"line":1,"column":24}},"1":{"start":{"line":3,"column":13},"end":{"line":3,"column":37}},"2":{"start":{"line":5,"column":0},"end":{"line":7,"column":3}},"3":{"start":{"line":6,"column":2},"end":{"line":6,"column":49}}},"fnMap":{"0":{"name":"(anonymous_1)","decl":{"start":{"line":5,"column":17},"end":{"line":5,"column":20}},"loc":{"start":{"line":5,"column":22},"end":{"line":7,"column":1}}}},"branchMap":{"0":{"loc":{"start":{"line":3,"column":13},"end":{"line":3,"column":37}},"type":"binary-expr","locations":[{"start":{"line":3,"column":13},"end":{"line":3,"column":29}},{"start":{"line":3,"column":33},"end":{"line":3,"column":37}}]}},"s":{"0":0,"1":0,"2":0,"3":0},"f":{"0":0},"b":{"0":[0,0]}}
,"C:\\Users\\Micro\\Desktop\\Projetos\\PFC\\api\\src\\config\\env.ts": {"path":"C:\\Users\\Micro\\Desktop\\Projetos\\PFC\\api\\src\\config\\env.ts","statementMap":{"0":{"start":{"line":1,"column":0},"end":{"line":1,"column":28}},"1":{"start":{"line":3,"column":0},"end":{"line":3,"column":16}},"2":{"start":{"line":5,"column":13},"end":{"line":19,"column":2}}},"fnMap":{},"branchMap":{"0":{"loc":{"start":{"line":6,"column":8},"end":{"line":6,"column":32}},"type":"binary-expr","locations":[{"start":{"line":6,"column":8},"end":{"line":6,"column":24}},{"start":{"line":6,"column":28},"end":{"line":6,"column":32}}]},"1":{"loc":{"start":{"line":7,"column":11},"end":{"line":7,"column":48}},"type":"binary-expr","locations":[{"start":{"line":7,"column":11},"end":{"line":7,"column":31}},{"start":{"line":7,"column":35},"end":{"line":7,"column":48}}]},"2":{"loc":{"start":{"line":9,"column":19},"end":{"line":9,"column":54}},"type":"binary-expr","locations":[{"start":{"line":9,"column":19},"end":{"line":9,"column":48}},{"start":{"line":9,"column":52},"end":{"line":9,"column":54}}]},"3":{"loc":{"start":{"line":10,"column":26},"end":{"line":10,"column":69}},"type":"binary-expr","locations":[{"start":{"line":10,"column":26},"end":{"line":10,"column":63}},{"start":{"line":10,"column":67},"end":{"line":10,"column":69}}]},"4":{"loc":{"start":{"line":11,"column":15},"end":{"line":11,"column":86}},"type":"binary-expr","locations":[{"start":{"line":11,"column":15},"end":{"line":11,"column":52}},{"start":{"line":11,"column":56},"end":{"line":11,"column":86}}]},"5":{"loc":{"start":{"line":13,"column":16},"end":{"line":13,"column":60}},"type":"binary-expr","locations":[{"start":{"line":13,"column":16},"end":{"line":13,"column":54}},{"start":{"line":13,"column":58},"end":{"line":13,"column":60}}]},"6":{"loc":{"start":{"line":14,"column":13},"end":{"line":14,"column":64}},"type":"binary-expr","locations":[{"start":{"line":14,"column":13},"end":{"line":14,"column":35}},{"start":{"line":14,"column":39},"end":{"line":14,"column":64}}]},"7":{"loc":{"start":{"line":15,"column":15},"end":{"line":15,"column":66}},"type":"binary-expr","locations":[{"start":{"line":15,"column":15},"end":{"line":15,"column":39}},{"start":{"line":15,"column":43},"end":{"line":15,"column":66}}]},"8":{"loc":{"start":{"line":16,"column":18},"end":{"line":16,"column":52}},"type":"binary-expr","locations":[{"start":{"line":16,"column":18},"end":{"line":16,"column":46}},{"start":{"line":16,"column":50},"end":{"line":16,"column":52}}]},"9":{"loc":{"start":{"line":17,"column":21},"end":{"line":17,"column":69}},"type":"binary-expr","locations":[{"start":{"line":17,"column":21},"end":{"line":17,"column":52}},{"start":{"line":17,"column":56},"end":{"line":17,"column":69}}]},"10":{"loc":{"start":{"line":18,"column":24},"end":{"line":18,"column":80}},"type":"binary-expr","locations":[{"start":{"line":18,"column":24},"end":{"line":18,"column":59}},{"start":{"line":18,"column":63},"end":{"line":18,"column":80}}]}},"s":{"0":0,"1":0,"2":0},"f":{},"b":{"0":[0,0],"1":[0,0],"2":[0,0],"3":[0,0],"4":[0,0],"5":[0,0],"6":[0,0],"7":[0,0],"8":[0,0],"9":[0,0],"10":[0,0]}}
,"C:\\Users\\Micro\\Desktop\\Projetos\\PFC\\api\\src\\db\\supabase\\client.ts": {"path":"C:\\Users\\Micro\\Desktop\\Projetos\\PFC\\api\\src\\db\\supabase\\client.ts","statementMap":{"0":{"start":{"line":1,"column":0},"end":{"line":1,"column":53}},"1":{"start":{"line":2,"column":0},"end":{"line":2,"column":39}},"2":{"start":{"line":4,"column":13},"end":{"line":7,"column":2}}},"fnMap":{},"branchMap":{},"s":{"0":0,"1":0,"2":0},"f":{},"b":{}}
,"C:\\Users\\Micro\\Desktop\\Projetos\\PFC\\api\\src\\middlewares\\auth.middleware.ts": {"path":"C:\\Users\\Micro\\Desktop\\Projetos\\PFC\\api\\src\\middlewares\\auth.middleware.ts","statementMap":{"0":{"start":{"line":5,"column":0},"end":{"line":5,"column":16}},"1":{"start":{"line":2,"column":0},"end":{"line":2,"column":43}},"2":{"start":{"line":3,"column":0},"end":{"line":3,"column":62}},"3":{"start":{"line":6,"column":16},"end":{"line":6,"column":47}},"4":{"start":{"line":8,"column":2},"end":{"line":10,"column":3}},"5":{"start":{"line":9,"column":4},"end":{"line":9,"column":67}},"6":{"start":{"line":12,"column":2},"end":{"line":20,"column":3}},"7":{"start":{"line":13,"column":20},"end":{"line":13,"column":38}},"8":{"start":{"line":15,"column":5},"end":{"line":15,"column":32}},"9":{"start":{"line":17,"column":4},"end":{"line":17,"column":11}},"10":{"start":{"line":19,"column":4},"end":{"line":19,"column":74}}},"fnMap":{"0":{"name":"authMiddleware","decl":{"start":{"line":5,"column":16},"end":{"line":5,"column":30}},"loc":{"start":{"line":5,"column":78},"end":{"line":21,"column":1}}}},"branchMap":{"0":{"loc":{"start":{"line":8,"column":2},"end":{"line":10,"column":3}},"type":"if","locations":[{"start":{"line":8,"column":2},"end":{"line":10,"column":3}}]}},"s":{"0":0,"1":0,"2":0,"3":0,"4":0,"5":0,"6":0,"7":0,"8":0,"9":0,"10":0},"f":{"0":0},"b":{"0":[0]}}
,"C:\\Users\\Micro\\Desktop\\Projetos\\PFC\\api\\src\\modules\\audit\\audit.service.ts": {"path":"C:\\Users\\Micro\\Desktop\\Projetos\\PFC\\api\\src\\modules\\audit\\audit.service.ts","statementMap":{"0":{"start":{"line":1,"column":0},"end":{"line":1,"column":52}},"1":{"start":{"line":2,"column":0},"end":{"line":2,"column":48}},"2":{"start":{"line":4,"column":0},"end":{"line":4,"column":null}},"3":{"start":{"line":5,"column":2},"end":{"line":5,"column":null}},"4":{"start":{"line":6,"column":2},"end":{"line":6,"column":null}},"5":{"start":{"line":7,"column":2},"end":{"line":7,"column":null}},"6":{"start":{"line":8,"column":2},"end":{"line":8,"column":null}},"7":{"start":{"line":9,"column":2},"end":{"line":9,"column":null}},"8":{"start":{"line":10,"column":2},"end":{"line":10,"column":null}},"9":{"start":{"line":11,"column":2},"end":{"line":11,"column":null}},"10":{"start":{"line":12,"column":2},"end":{"line":12,"column":null}},"11":{"start":{"line":13,"column":2},"end":{"line":13,"column":null}},"12":{"start":{"line":14,"column":2},"end":{"line":14,"column":null}},"13":{"start":{"line":15,"column":2},"end":{"line":15,"column":null}},"14":{"start":{"line":16,"column":2},"end":{"line":16,"column":null}},"15":{"start":{"line":17,"column":2},"end":{"line":17,"column":null}},"16":{"start":{"line":18,"column":2},"end":{"line":18,"column":null}},"17":{"start":{"line":19,"column":2},"end":{"line":19,"column":null}},"18":{"start":{"line":20,"column":2},"end":{"line":20,"column":null}},"19":{"start":{"line":31,"column":4},"end":{"line":52,"column":5}},"20":{"start":{"line":32,"column":25},"end":{"line":32,"column":49}},"21":{"start":{"line":33,"column":22},"end":{"line":40,"column":8}},"22":{"start":{"line":41,"column":29},"end":{"line":41,"column":66}},"23":{"start":{"line":43,"column":24},"end":{"line":45,"column":49}},"24":{"start":{"line":47,"column":6},"end":{"line":49,"column":7}},"25":{"start":{"line":48,"column":8},"end":{"line":48,"column":61}},"26":{"start":{"line":51,"column":6},"end":{"line":51,"column":57}},"27":{"start":{"line":56,"column":28},"end":{"line":61,"column":40}},"28":{"start":{"line":63,"column":4},"end":{"line":65,"column":5}},"29":{"start":{"line":64,"column":6},"end":{"line":64,"column":58}},"30":{"start":{"line":67,"column":4},"end":{"line":67,"column":16}},"31":{"start":{"line":23,"column":0},"end":{"line":23,"column":13}},"32":{"start":{"line":71,"column":13},"end":{"line":71,"column":47}}},"fnMap":{"0":{"name":"(anonymous_0)","decl":{"start":{"line":4,"column":0},"end":{"line":4,"column":12}},"loc":{"start":{"line":4,"column":23},"end":{"line":21,"column":1}}},"1":{"name":"(anonymous_1)","decl":{"start":{"line":24,"column":2},"end":{"line":24,"column":7}},"loc":{"start":{"line":29,"column":22},"end":{"line":53,"column":3}}},"2":{"name":"(anonymous_2)","decl":{"start":{"line":55,"column":2},"end":{"line":55,"column":7}},"loc":{"start":{"line":55,"column":59},"end":{"line":68,"column":3}}}},"branchMap":{"0":{"loc":{"start":{"line":4,"column":12},"end":{"line":4,"column":null}},"type":"binary-expr","locations":[{"start":{"line":4,"column":12},"end":{"line":4,"column":23}},{"start":{"line":4,"column":23},"end":{"line":4,"column":null}}]},"1":{"loc":{"start":{"line":41,"column":29},"end":{"line":41,"column":66}},"type":"cond-expr","locations":[{"start":{"line":41,"column":38},"end":{"line":41,"column":59}},{"start":{"line":41,"column":62},"end":{"line":41,"column":66}}]},"2":{"loc":{"start":{"line":47,"column":6},"end":{"line":49,"column":7}},"type":"if","locations":[{"start":{"line":47,"column":6},"end":{"line":49,"column":7}}]},"3":{"loc":{"start":{"line":55,"column":37},"end":{"line":55,"column":47}},"type":"default-arg","locations":[{"start":{"line":55,"column":45},"end":{"line":55,"column":47}}]},"4":{"loc":{"start":{"line":55,"column":49},"end":{"line":55,"column":59}},"type":"default-arg","locations":[{"start":{"line":55,"column":58},"end":{"line":55,"column":59}}]},"5":{"loc":{"start":{"line":63,"column":4},"end":{"line":65,"column":5}},"type":"if","locations":[{"start":{"line":63,"column":4},"end":{"line":65,"column":5}}]}},"s":{"0":0,"1":0,"2":0,"3":0,"4":0,"5":0,"6":0,"7":0,"8":0,"9":0,"10":0,"11":0,"12":0,"13":0,"14":0,"15":0,"16":0,"17":0,"18":0,"19":0,"20":0,"21":0,"22":0,"23":0,"24":0,"25":0,"26":0,"27":0,"28":0,"29":0,"30":0,"31":0,"32":0},"f":{"0":0,"1":0,"2":0},"b":{"0":[0,0],"1":[0,0],"2":[0],"3":[0],"4":[0],"5":[0]}}
,"C:\\Users\\Micro\\Desktop\\Projetos\\PFC\\api\\src\\modules\\auth\\auth.controller.ts": {"path":"C:\\Users\\Micro\\Desktop\\Projetos\\PFC\\api\\src\\modules\\auth\\auth.controller.ts","statementMap":{"0":{"start":{"line":2,"column":0},"end":{"line":2,"column":45}},"1":{"start":{"line":3,"column":0},"end":{"line":3,"column":57}},"2":{"start":{"line":5,"column":0},"end":{"line":5,"column":null}},"3":{"start":{"line":12,"column":0},"end":{"line":12,"column":52}},"4":{"start":{"line":14,"column":20},"end":{"line":14,"column":37}},"5":{"start":{"line":18,"column":4},"end":{"line":49,"column":5}},"6":{"start":{"line":19,"column":21},"end":{"line":19,"column":55}},"7":{"start":{"line":21,"column":6},"end":{"line":23,"column":7}},"8":{"start":{"line":22,"column":8},"end":{"line":22,"column":67}},"9":{"start":{"line":24,"column":114},"end":{"line":24,"column":125}},"10":{"start":{"line":25,"column":24},"end":{"line":25,"column":30}},"11":{"start":{"line":26,"column":24},"end":{"line":26,"column":45}},"12":{"start":{"line":27,"column":25},"end":{"line":34,"column":8}},"13":{"start":{"line":35,"column":27},"end":{"line":43,"column":null}},"14":{"start":{"line":46,"column":6},"end":{"line":46,"column":41}},"15":{"start":{"line":48,"column":6},"end":{"line":48,"column":51}},"16":{"start":{"line":53,"column":4},"end":{"line":77,"column":5}},"17":{"start":{"line":54,"column":21},"end":{"line":54,"column":52}},"18":{"start":{"line":55,"column":6},"end":{"line":57,"column":7}},"19":{"start":{"line":56,"column":8},"end":{"line":56,"column":67}},"20":{"start":{"line":58,"column":34},"end":{"line":58,"column":45}},"21":{"start":{"line":59,"column":24},"end":{"line":59,"column":30}},"22":{"start":{"line":60,"column":24},"end":{"line":60,"column":45}},"23":{"start":{"line":61,"column":21},"end":{"line":61,"column":83}},"24":{"start":{"line":63,"column":6},"end":{"line":69,"column":7}},"25":{"start":{"line":64,"column":8},"end":{"line":64,"column":44}},"26":{"start":{"line":65,"column":8},"end":{"line":65,"column":35}},"27":{"start":{"line":67,"column":11},"end":{"line":69,"column":7}},"28":{"start":{"line":68,"column":8},"end":{"line":68,"column":49}},"29":{"start":{"line":71,"column":6},"end":{"line":74,"column":9}},"30":{"start":{"line":76,"column":6},"end":{"line":76,"column":51}},"31":{"start":{"line":81,"column":4},"end":{"line":101,"column":5}},"32":{"start":{"line":82,"column":24},"end":{"line":82,"column":32}},"33":{"start":{"line":83,"column":21},"end":{"line":83,"column":45}},"34":{"start":{"line":85,"column":6},"end":{"line":87,"column":7}},"35":{"start":{"line":86,"column":8},"end":{"line":86,"column":90}},"36":{"start":{"line":89,"column":21},"end":{"line":89,"column":63}},"37":{"start":{"line":91,"column":6},"end":{"line":94,"column":7}},"38":{"start":{"line":92,"column":8},"end":{"line":92,"column":44}},"39":{"start":{"line":93,"column":8},"end":{"line":93,"column":35}},"40":{"start":{"line":96,"column":6},"end":{"line":98,"column":9}},"41":{"start":{"line":100,"column":6},"end":{"line":100,"column":51}},"42":{"start":{"line":105,"column":4},"end":{"line":114,"column":5}},"43":{"start":{"line":106,"column":22},"end":{"line":106,"column":46}},"44":{"start":{"line":107,"column":6},"end":{"line":109,"column":7}},"45":{"start":{"line":108,"column":8},"end":{"line":108,"column":70}},"46":{"start":{"line":110,"column":21},"end":{"line":110,"column":56}},"47":{"start":{"line":111,"column":6},"end":{"line":111,"column":23}},"48":{"start":{"line":113,"column":6},"end":{"line":113,"column":51}},"49":{"start":{"line":118,"column":4},"end":{"line":127,"column":5}},"50":{"start":{"line":119,"column":22},"end":{"line":119,"column":46}},"51":{"start":{"line":120,"column":6},"end":{"line":122,"column":7}},"52":{"start":{"line":121,"column":8},"end":{"line":121,"column":70}},"53":{"start":{"line":123,"column":6},"end":{"line":123,"column":43}},"54":{"start":{"line":124,"column":6},"end":{"line":124,"column":49}},"55":{"start":{"line":126,"column":6},"end":{"line":126,"column":51}},"56":{"start":{"line":130,"column":4},"end":{"line":143,"column":5}},"57":{"start":{"line":131,"column":24},"end":{"line":131,"column":32}},"58":{"start":{"line":132,"column":6},"end":{"line":134,"column":7}},"59":{"start":{"line":133,"column":8},"end":{"line":133,"column":68}},"60":{"start":{"line":136,"column":24},"end":{"line":136,"column":30}},"61":{"start":{"line":137,"column":24},"end":{"line":137,"column":45}},"62":{"start":{"line":139,"column":21},"end":{"line":139,"column":88}},"63":{"start":{"line":140,"column":6},"end":{"line":140,"column":23}},"64":{"start":{"line":142,"column":6},"end":{"line":142,"column":51}},"65":{"start":{"line":146,"column":4},"end":{"line":156,"column":5}},"66":{"start":{"line":147,"column":29},"end":{"line":147,"column":37}},"67":{"start":{"line":148,"column":6},"end":{"line":150,"column":7}},"68":{"start":{"line":149,"column":8},"end":{"line":149,"column":68}},"69":{"start":{"line":152,"column":19},"end":{"line":152,"column":67}},"70":{"start":{"line":153,"column":6},"end":{"line":153,"column":51}},"71":{"start":{"line":155,"column":6},"end":{"line":155,"column":51}},"72":{"start":{"line":159,"column":4},"end":{"line":176,"column":5}},"73":{"start":{"line":160,"column":42},"end":{"line":160,"column":50}},"74":{"start":{"line":161,"column":6},"end":{"line":163,"column":7}},"75":{"start":{"line":162,"column":8},"end":{"line":162,"column":82}},"76":{"start":{"line":165,"column":6},"end":{"line":167,"column":7}},"77":{"start":{"line":166,"column":8},"end":{"line":166,"column":90}},"78":{"start":{"line":169,"column":24},"end":{"line":169,"column":30}},"79":{"start":{"line":170,"column":24},"end":{"line":170,"column":45}},"80":{"start":{"line":172,"column":21},"end":{"line":172,"column":99}},"81":{"start":{"line":173,"column":6},"end":{"line":173,"column":23}},"82":{"start":{"line":175,"column":6},"end":{"line":175,"column":51}},"83":{"start":{"line":180,"column":4},"end":{"line":180,"column":31}},"84":{"start":{"line":181,"column":4},"end":{"line":181,"column":28}},"85":{"start":{"line":182,"column":4},"end":{"line":182,"column":54}},"86":{"start":{"line":16,"column":0},"end":{"line":16,"column":13}}},"fnMap":{"0":{"name":"(anonymous_0)","decl":{"start":{"line":17,"column":2},"end":{"line":17,"column":7}},"loc":{"start":{"line":17,"column":44},"end":{"line":50,"column":3}}},"1":{"name":"(anonymous_1)","decl":{"start":{"line":52,"column":2},"end":{"line":52,"column":7}},"loc":{"start":{"line":52,"column":41},"end":{"line":78,"column":3}}},"2":{"name":"(anonymous_2)","decl":{"start":{"line":80,"column":2},"end":{"line":80,"column":7}},"loc":{"start":{"line":80,"column":45},"end":{"line":102,"column":3}}},"3":{"name":"(anonymous_3)","decl":{"start":{"line":104,"column":2},"end":{"line":104,"column":7}},"loc":{"start":{"line":104,"column":45},"end":{"line":115,"column":3}}},"4":{"name":"(anonymous_4)","decl":{"start":{"line":117,"column":2},"end":{"line":117,"column":7}},"loc":{"start":{"line":117,"column":46},"end":{"line":128,"column":3}}},"5":{"name":"(anonymous_5)","decl":{"start":{"line":129,"column":2},"end":{"line":129,"column":7}},"loc":{"start":{"line":129,"column":56},"end":{"line":144,"column":3}}},"6":{"name":"(anonymous_6)","decl":{"start":{"line":145,"column":2},"end":{"line":145,"column":7}},"loc":{"start":{"line":145,"column":54},"end":{"line":157,"column":3}}},"7":{"name":"(anonymous_7)","decl":{"start":{"line":158,"column":2},"end":{"line":158,"column":7}},"loc":{"start":{"line":158,"column":49},"end":{"line":177,"column":3}}},"8":{"name":"(anonymous_8)","decl":{"start":{"line":179,"column":2},"end":{"line":179,"column":7}},"loc":{"start":{"line":179,"column":42},"end":{"line":183,"column":3}}}},"branchMap":{"0":{"loc":{"start":{"line":21,"column":6},"end":{"line":23,"column":7}},"type":"if","locations":[{"start":{"line":21,"column":6},"end":{"line":23,"column":7}}]},"1":{"loc":{"start":{"line":55,"column":6},"end":{"line":57,"column":7}},"type":"if","locations":[{"start":{"line":55,"column":6},"end":{"line":57,"column":7}}]},"2":{"loc":{"start":{"line":63,"column":6},"end":{"line":69,"column":7}},"type":"if","locations":[{"start":{"line":63,"column":6},"end":{"line":69,"column":7}},{"start":{"line":67,"column":11},"end":{"line":69,"column":7}}]},"3":{"loc":{"start":{"line":67,"column":11},"end":{"line":69,"column":7}},"type":"if","locations":[{"start":{"line":67,"column":11},"end":{"line":69,"column":7}}]},"4":{"loc":{"start":{"line":85,"column":6},"end":{"line":87,"column":7}},"type":"if","locations":[{"start":{"line":85,"column":6},"end":{"line":87,"column":7}}]},"5":{"loc":{"start":{"line":85,"column":10},"end":{"line":85,"column":27}},"type":"binary-expr","locations":[{"start":{"line":85,"column":10},"end":{"line":85,"column":17}},{"start":{"line":85,"column":21},"end":{"line":85,"column":27}}]},"6":{"loc":{"start":{"line":91,"column":6},"end":{"line":94,"column":7}},"type":"if","locations":[{"start":{"line":91,"column":6},"end":{"line":94,"column":7}}]},"7":{"loc":{"start":{"line":107,"column":6},"end":{"line":109,"column":7}},"type":"if","locations":[{"start":{"line":107,"column":6},"end":{"line":109,"column":7}}]},"8":{"loc":{"start":{"line":120,"column":6},"end":{"line":122,"column":7}},"type":"if","locations":[{"start":{"line":120,"column":6},"end":{"line":122,"column":7}}]},"9":{"loc":{"start":{"line":132,"column":6},"end":{"line":134,"column":7}},"type":"if","locations":[{"start":{"line":132,"column":6},"end":{"line":134,"column":7}}]},"10":{"loc":{"start":{"line":148,"column":6},"end":{"line":150,"column":7}},"type":"if","locations":[{"start":{"line":148,"column":6},"end":{"line":150,"column":7}}]},"11":{"loc":{"start":{"line":161,"column":6},"end":{"line":163,"column":7}},"type":"if","locations":[{"start":{"line":161,"column":6},"end":{"line":163,"column":7}}]},"12":{"loc":{"start":{"line":161,"column":10},"end":{"line":161,"column":37}},"type":"binary-expr","locations":[{"start":{"line":161,"column":10},"end":{"line":161,"column":21}},{"start":{"line":161,"column":25},"end":{"line":161,"column":37}}]},"13":{"loc":{"start":{"line":165,"column":6},"end":{"line":167,"column":7}},"type":"if","locations":[{"start":{"line":165,"column":6},"end":{"line":167,"column":7}}]}},"s":{"0":1,"1":1,"2":1,"3":1,"4":1,"5":0,"6":0,"7":0,"8":0,"9":0,"10":0,"11":0,"12":0,"13":0,"14":0,"15":0,"16":2,"17":2,"18":2,"19":0,"20":2,"21":2,"22":2,"23":2,"24":2,"25":1,"26":1,"27":1,"28":1,"29":2,"30":0,"31":2,"32":2,"33":2,"34":2,"35":1,"36":1,"37":1,"38":1,"39":1,"40":1,"41":0,"42":0,"43":0,"44":0,"45":0,"46":0,"47":0,"48":0,"49":0,"50":0,"51":0,"52":0,"53":0,"54":0,"55":0,"56":0,"57":0,"58":0,"59":0,"60":0,"61":0,"62":0,"63":0,"64":0,"65":0,"66":0,"67":0,"68":0,"69":0,"70":0,"71":0,"72":0,"73":0,"74":0,"75":0,"76":0,"77":0,"78":0,"79":0,"80":0,"81":0,"82":0,"83":0,"84":0,"85":0,"86":1},"f":{"0":0,"1":2,"2":2,"3":0,"4":0,"5":0,"6":0,"7":0,"8":0},"b":{"0":[0],"1":[0],"2":[1,1],"3":[1],"4":[1],"5":[2,1],"6":[1],"7":[0],"8":[0],"9":[0],"10":[0],"11":[0],"12":[0,0],"13":[0]}}
,"C:\\Users\\Micro\\Desktop\\Projetos\\PFC\\api\\src\\modules\\auth\\auth.dto.ts": {"path":"C:\\Users\\Micro\\Desktop\\Projetos\\PFC\\api\\src\\modules\\auth\\auth.dto.ts","statementMap":{"0":{"start":{"line":1,"column":0},"end":{"line":1,"column":24}},"1":{"start":{"line":3,"column":13},"end":{"line":14,"column":3}},"2":{"start":{"line":11,"column":48},"end":{"line":11,"column":58}},"3":{"start":{"line":16,"column":13},"end":{"line":19,"column":3}}},"fnMap":{"0":{"name":"(anonymous_0)","decl":{"start":{"line":11,"column":43},"end":{"line":11,"column":44}},"loc":{"start":{"line":11,"column":48},"end":{"line":11,"column":58}}}},"branchMap":{},"s":{"0":1,"1":1,"2":0,"3":1},"f":{"0":0},"b":{}}
,"C:\\Users\\Micro\\Desktop\\Projetos\\PFC\\api\\src\\modules\\auth\\auth.guards.ts": {"path":"C:\\Users\\Micro\\Desktop\\Projetos\\PFC\\api\\src\\modules\\auth\\auth.guards.ts","statementMap":{"0":{"start":{"line":3,"column":0},"end":{"line":3,"column":16}},"1":{"start":{"line":6,"column":2},"end":{"line":6,"column":27}}},"fnMap":{"0":{"name":"isUserNotNeeding2FA","decl":{"start":{"line":3,"column":16},"end":{"line":3,"column":35}},"loc":{"start":{"line":4,"column":44},"end":{"line":7,"column":1}}}},"branchMap":{},"s":{"0":1,"1":2},"f":{"0":2},"b":{}}
,"C:\\Users\\Micro\\Desktop\\Projetos\\PFC\\api\\src\\modules\\auth\\auth.routes.ts": {"path":"C:\\Users\\Micro\\Desktop\\Projetos\\PFC\\api\\src\\modules\\auth\\auth.routes.ts","statementMap":{"0":{"start":{"line":1,"column":0},"end":{"line":1,"column":33}},"1":{"start":{"line":2,"column":0},"end":{"line":2,"column":51}},"2":{"start":{"line":3,"column":0},"end":{"line":3,"column":67}},"3":{"start":{"line":5,"column":15},"end":{"line":5,"column":23}},"4":{"start":{"line":6,"column":19},"end":{"line":6,"column":39}},"5":{"start":{"line":8,"column":0},"end":{"line":8,"column":46}},"6":{"start":{"line":9,"column":0},"end":{"line":9,"column":40}},"7":{"start":{"line":10,"column":0},"end":{"line":10,"column":49}},"8":{"start":{"line":11,"column":0},"end":{"line":11,"column":42}},"9":{"start":{"line":12,"column":0},"end":{"line":12,"column":65}},"10":{"start":{"line":13,"column":0},"end":{"line":13,"column":67}},"11":{"start":{"line":15,"column":0},"end":{"line":15,"column":72}},"12":{"start":{"line":16,"column":0},"end":{"line":16,"column":68}},"13":{"start":{"line":17,"column":0},"end":{"line":17,"column":57}},"14":{"start":{"line":19,"column":0},"end":{"line":19,"column":22}}},"fnMap":{},"branchMap":{},"s":{"0":0,"1":0,"2":0,"3":0,"4":0,"5":0,"6":0,"7":0,"8":0,"9":0,"10":0,"11":0,"12":0,"13":0,"14":0},"f":{},"b":{}}
,"C:\\Users\\Micro\\Desktop\\Projetos\\PFC\\api\\src\\modules\\auth\\auth.service.ts": {"path":"C:\\Users\\Micro\\Desktop\\Projetos\\PFC\\api\\src\\modules\\auth\\auth.service.ts","statementMap":{"0":{"start":{"line":1,"column":0},"end":{"line":1,"column":52}},"1":{"start":{"line":2,"column":0},"end":{"line":2,"column":65}},"2":{"start":{"line":3,"column":0},"end":{"line":3,"column":48}},"3":{"start":{"line":4,"column":0},"end":{"line":4,"column":70}},"4":{"start":{"line":5,"column":0},"end":{"line":5,"column":67}},"5":{"start":{"line":6,"column":0},"end":{"line":6,"column":54}},"6":{"start":{"line":7,"column":0},"end":{"line":7,"column":60}},"7":{"start":{"line":8,"column":0},"end":{"line":8,"column":39}},"8":{"start":{"line":9,"column":0},"end":{"line":9,"column":33}},"9":{"start":{"line":13,"column":21},"end":{"line":13,"column":22}},"10":{"start":{"line":14,"column":18},"end":{"line":14,"column":32}},"11":{"start":{"line":15,"column":27},"end":{"line":15,"column":45}},"12":{"start":{"line":28,"column":26},"end":{"line":28,"column":59}},"13":{"start":{"line":29,"column":4},"end":{"line":29,"column":42}},"14":{"start":{"line":30,"column":28},"end":{"line":42,"column":15}},"15":{"start":{"line":44,"column":4},"end":{"line":60,"column":5}},"16":{"start":{"line":45,"column":6},"end":{"line":54,"column":8}},"17":{"start":{"line":56,"column":6},"end":{"line":58,"column":7}},"18":{"start":{"line":57,"column":8},"end":{"line":57,"column":48}},"19":{"start":{"line":59,"column":6},"end":{"line":59,"column":52}},"20":{"start":{"line":62,"column":4},"end":{"line":74,"column":5}},"21":{"start":{"line":63,"column":6},"end":{"line":73,"column":7}},"22":{"start":{"line":64,"column":8},"end":{"line":69,"column":10}},"23":{"start":{"line":71,"column":8},"end":{"line":71,"column":68}},"24":{"start":{"line":72,"column":8},"end":{"line":72,"column":84}},"25":{"start":{"line":76,"column":4},"end":{"line":84,"column":6}},"26":{"start":{"line":86,"column":4},"end":{"line":86,"column":16}},"27":{"start":{"line":94,"column":4},"end":{"line":94,"column":32}},"28":{"start":{"line":95,"column":34},"end":{"line":99,"column":15}},"29":{"start":{"line":101,"column":4},"end":{"line":113,"column":5}},"30":{"start":{"line":102,"column":6},"end":{"line":111,"column":8}},"31":{"start":{"line":112,"column":6},"end":{"line":112,"column":48}},"32":{"start":{"line":115,"column":4},"end":{"line":127,"column":5}},"33":{"start":{"line":116,"column":6},"end":{"line":125,"column":8}},"34":{"start":{"line":126,"column":6},"end":{"line":126,"column":86}},"35":{"start":{"line":129,"column":20},"end":{"line":129,"column":66}},"36":{"start":{"line":131,"column":4},"end":{"line":144,"column":5}},"37":{"start":{"line":132,"column":6},"end":{"line":132,"column":41}},"38":{"start":{"line":133,"column":6},"end":{"line":142,"column":8}},"39":{"start":{"line":143,"column":6},"end":{"line":143,"column":48}},"40":{"start":{"line":146,"column":4},"end":{"line":152,"column":25}},"41":{"start":{"line":154,"column":4},"end":{"line":163,"column":6}},"42":{"start":{"line":165,"column":4},"end":{"line":173,"column":5}},"43":{"start":{"line":166,"column":6},"end":{"line":172,"column":8}},"44":{"start":{"line":175,"column":18},"end":{"line":175,"column":52}},"45":{"start":{"line":177,"column":4},"end":{"line":183,"column":6}},"46":{"start":{"line":187,"column":34},"end":{"line":191,"column":15}},"47":{"start":{"line":193,"column":4},"end":{"line":195,"column":5}},"48":{"start":{"line":194,"column":6},"end":{"line":194,"column":49}},"49":{"start":{"line":197,"column":21},"end":{"line":202,"column":6}},"50":{"start":{"line":204,"column":4},"end":{"line":206,"column":5}},"51":{"start":{"line":205,"column":6},"end":{"line":205,"column":46}},"52":{"start":{"line":208,"column":21},"end":{"line":208,"column":55}},"53":{"start":{"line":210,"column":4},"end":{"line":216,"column":6}},"54":{"start":{"line":220,"column":19},"end":{"line":223,"column":6}},"55":{"start":{"line":225,"column":22},"end":{"line":225,"column":65}},"56":{"start":{"line":227,"column":4},"end":{"line":233,"column":24}},"57":{"start":{"line":235,"column":4},"end":{"line":238,"column":6}},"58":{"start":{"line":242,"column":4},"end":{"line":248,"column":24}},"59":{"start":{"line":252,"column":4},"end":{"line":252,"column":32}},"60":{"start":{"line":253,"column":34},"end":{"line":257,"column":15}},"61":{"start":{"line":259,"column":4},"end":{"line":271,"column":5}},"62":{"start":{"line":260,"column":6},"end":{"line":269,"column":8}},"63":{"start":{"line":270,"column":6},"end":{"line":270,"column":83}},"64":{"start":{"line":273,"column":23},"end":{"line":273,"column":43}},"65":{"start":{"line":274,"column":22},"end":{"line":274,"column":77}},"66":{"start":{"line":276,"column":35},"end":{"line":282,"column":24}},"67":{"start":{"line":284,"column":4},"end":{"line":286,"column":5}},"68":{"start":{"line":285,"column":6},"end":{"line":285,"column":64}},"69":{"start":{"line":288,"column":4},"end":{"line":297,"column":6}},"70":{"start":{"line":299,"column":4},"end":{"line":303,"column":5}},"71":{"start":{"line":300,"column":6},"end":{"line":300,"column":93}},"72":{"start":{"line":302,"column":6},"end":{"line":302,"column":65}},"73":{"start":{"line":305,"column":4},"end":{"line":308,"column":6}},"74":{"start":{"line":312,"column":34},"end":{"line":316,"column":15}},"75":{"start":{"line":318,"column":4},"end":{"line":320,"column":5}},"76":{"start":{"line":319,"column":6},"end":{"line":319,"column":56}},"77":{"start":{"line":322,"column":4},"end":{"line":327,"column":5}},"78":{"start":{"line":323,"column":6},"end":{"line":325,"column":9}},"79":{"start":{"line":326,"column":6},"end":{"line":326,"column":74}},"80":{"start":{"line":329,"column":4},"end":{"line":332,"column":6}},"81":{"start":{"line":341,"column":23},"end":{"line":341,"column":64}},"82":{"start":{"line":343,"column":27},"end":{"line":343,"column":58}},"83":{"start":{"line":345,"column":22},"end":{"line":352,"column":23}},"84":{"start":{"line":354,"column":4},"end":{"line":356,"column":5}},"85":{"start":{"line":355,"column":6},"end":{"line":355,"column":48}},"86":{"start":{"line":358,"column":27},"end":{"line":362,"column":15}},"87":{"start":{"line":364,"column":4},"end":{"line":372,"column":6}},"88":{"start":{"line":374,"column":4},"end":{"line":380,"column":5}},"89":{"start":{"line":375,"column":6},"end":{"line":377,"column":7}},"90":{"start":{"line":376,"column":8},"end":{"line":376,"column":64}},"91":{"start":{"line":379,"column":6},"end":{"line":379,"column":74}},"92":{"start":{"line":382,"column":4},"end":{"line":384,"column":6}},"93":{"start":{"line":388,"column":21},"end":{"line":388,"column":52}},"94":{"start":{"line":390,"column":4},"end":{"line":407,"column":5}},"95":{"start":{"line":391,"column":24},"end":{"line":391,"column":56}},"96":{"start":{"line":393,"column":6},"end":{"line":399,"column":27}},"97":{"start":{"line":401,"column":6},"end":{"line":406,"column":27}},"98":{"start":{"line":17,"column":0},"end":{"line":17,"column":13}}},"fnMap":{"0":{"name":"(anonymous_9)","decl":{"start":{"line":18,"column":2},"end":{"line":18,"column":7}},"loc":{"start":{"line":26,"column":22},"end":{"line":87,"column":3}}},"1":{"name":"(anonymous_10)","decl":{"start":{"line":88,"column":2},"end":{"line":88,"column":7}},"loc":{"start":{"line":92,"column":22},"end":{"line":184,"column":3}}},"2":{"name":"(anonymous_11)","decl":{"start":{"line":186,"column":2},"end":{"line":186,"column":7}},"loc":{"start":{"line":186,"column":47},"end":{"line":217,"column":3}}},"3":{"name":"(anonymous_12)","decl":{"start":{"line":219,"column":2},"end":{"line":219,"column":7}},"loc":{"start":{"line":219,"column":32},"end":{"line":239,"column":3}}},"4":{"name":"(anonymous_13)","decl":{"start":{"line":241,"column":2},"end":{"line":241,"column":7}},"loc":{"start":{"line":241,"column":33},"end":{"line":249,"column":3}}},"5":{"name":"(anonymous_14)","decl":{"start":{"line":251,"column":2},"end":{"line":251,"column":7}},"loc":{"start":{"line":251,"column":82},"end":{"line":309,"column":3}}},"6":{"name":"(anonymous_15)","decl":{"start":{"line":311,"column":2},"end":{"line":311,"column":7}},"loc":{"start":{"line":311,"column":45},"end":{"line":333,"column":3}}},"7":{"name":"(anonymous_16)","decl":{"start":{"line":335,"column":2},"end":{"line":335,"column":7}},"loc":{"start":{"line":339,"column":22},"end":{"line":385,"column":3}}},"8":{"name":"(anonymous_17)","decl":{"start":{"line":387,"column":10},"end":{"line":387,"column":15}},"loc":{"start":{"line":387,"column":43},"end":{"line":408,"column":3}}}},"branchMap":{"0":{"loc":{"start":{"line":44,"column":4},"end":{"line":60,"column":5}},"type":"if","locations":[{"start":{"line":44,"column":4},"end":{"line":60,"column":5}}]},"1":{"loc":{"start":{"line":56,"column":6},"end":{"line":58,"column":7}},"type":"if","locations":[{"start":{"line":56,"column":6},"end":{"line":58,"column":7}}]},"2":{"loc":{"start":{"line":62,"column":4},"end":{"line":74,"column":5}},"type":"if","locations":[{"start":{"line":62,"column":4},"end":{"line":74,"column":5}}]},"3":{"loc":{"start":{"line":101,"column":4},"end":{"line":113,"column":5}},"type":"if","locations":[{"start":{"line":101,"column":4},"end":{"line":113,"column":5}}]},"4":{"loc":{"start":{"line":101,"column":8},"end":{"line":101,"column":22}},"type":"binary-expr","locations":[{"start":{"line":101,"column":8},"end":{"line":101,"column":13}},{"start":{"line":101,"column":17},"end":{"line":101,"column":22}}]},"5":{"loc":{"start":{"line":115,"column":4},"end":{"line":127,"column":5}},"type":"if","locations":[{"start":{"line":115,"column":4},"end":{"line":127,"column":5}}]},"6":{"loc":{"start":{"line":115,"column":8},"end":{"line":115,"column":69}},"type":"binary-expr","locations":[{"start":{"line":115,"column":8},"end":{"line":115,"column":25}},{"start":{"line":115,"column":29},"end":{"line":115,"column":69}}]},"7":{"loc":{"start":{"line":131,"column":4},"end":{"line":144,"column":5}},"type":"if","locations":[{"start":{"line":131,"column":4},"end":{"line":144,"column":5}}]},"8":{"loc":{"start":{"line":165,"column":4},"end":{"line":173,"column":5}},"type":"if","locations":[{"start":{"line":165,"column":4},"end":{"line":173,"column":5}}]},"9":{"loc":{"start":{"line":193,"column":4},"end":{"line":195,"column":5}},"type":"if","locations":[{"start":{"line":193,"column":4},"end":{"line":195,"column":5}}]},"10":{"loc":{"start":{"line":193,"column":8},"end":{"line":193,"column":22}},"type":"binary-expr","locations":[{"start":{"line":193,"column":8},"end":{"line":193,"column":13}},{"start":{"line":193,"column":17},"end":{"line":193,"column":22}}]},"11":{"loc":{"start":{"line":204,"column":4},"end":{"line":206,"column":5}},"type":"if","locations":[{"start":{"line":204,"column":4},"end":{"line":206,"column":5}}]},"12":{"loc":{"start":{"line":259,"column":4},"end":{"line":271,"column":5}},"type":"if","locations":[{"start":{"line":259,"column":4},"end":{"line":271,"column":5}}]},"13":{"loc":{"start":{"line":259,"column":8},"end":{"line":259,"column":22}},"type":"binary-expr","locations":[{"start":{"line":259,"column":8},"end":{"line":259,"column":13}},{"start":{"line":259,"column":17},"end":{"line":259,"column":22}}]},"14":{"loc":{"start":{"line":284,"column":4},"end":{"line":286,"column":5}},"type":"if","locations":[{"start":{"line":284,"column":4},"end":{"line":286,"column":5}}]},"15":{"loc":{"start":{"line":318,"column":4},"end":{"line":320,"column":5}},"type":"if","locations":[{"start":{"line":318,"column":4},"end":{"line":320,"column":5}}]},"16":{"loc":{"start":{"line":318,"column":8},"end":{"line":318,"column":22}},"type":"binary-expr","locations":[{"start":{"line":318,"column":8},"end":{"line":318,"column":13}},{"start":{"line":318,"column":17},"end":{"line":318,"column":22}}]},"17":{"loc":{"start":{"line":322,"column":4},"end":{"line":327,"column":5}},"type":"if","locations":[{"start":{"line":322,"column":4},"end":{"line":327,"column":5}}]},"18":{"loc":{"start":{"line":322,"column":8},"end":{"line":322,"column":90}},"type":"binary-expr","locations":[{"start":{"line":322,"column":8},"end":{"line":322,"column":36}},{"start":{"line":322,"column":40},"end":{"line":322,"column":90}}]},"19":{"loc":{"start":{"line":354,"column":4},"end":{"line":356,"column":5}},"type":"if","locations":[{"start":{"line":354,"column":4},"end":{"line":356,"column":5}}]},"20":{"loc":{"start":{"line":375,"column":6},"end":{"line":377,"column":7}},"type":"if","locations":[{"start":{"line":375,"column":6},"end":{"line":377,"column":7}}]},"21":{"loc":{"start":{"line":388,"column":22},"end":{"line":388,"column":47}},"type":"binary-expr","locations":[{"start":{"line":388,"column":22},"end":{"line":388,"column":42}},{"start":{"line":388,"column":46},"end":{"line":388,"column":47}}]},"22":{"loc":{"start":{"line":390,"column":4},"end":{"line":407,"column":5}},"type":"if","locations":[{"start":{"line":390,"column":4},"end":{"line":407,"column":5}},{"start":{"line":400,"column":11},"end":{"line":407,"column":5}}]}},"s":{"0":0,"1":0,"2":0,"3":0,"4":0,"5":0,"6":0,"7":0,"8":0,"9":0,"10":0,"11":0,"12":0,"13":0,"14":0,"15":0,"16":0,"17":0,"18":0,"19":0,"20":0,"21":0,"22":0,"23":0,"24":0,"25":0,"26":0,"27":0,"28":0,"29":0,"30":0,"31":0,"32":0,"33":0,"34":0,"35":0,"36":0,"37":0,"38":0,"39":0,"40":0,"41":0,"42":0,"43":0,"44":0,"45":0,"46":0,"47":0,"48":0,"49":0,"50":0,"51":0,"52":0,"53":0,"54":0,"55":0,"56":0,"57":0,"58":0,"59":0,"60":0,"61":0,"62":0,"63":0,"64":0,"65":0,"66":0,"67":0,"68":0,"69":0,"70":0,"71":0,"72":0,"73":0,"74":0,"75":0,"76":0,"77":0,"78":0,"79":0,"80":0,"81":0,"82":0,"83":0,"84":0,"85":0,"86":0,"87":0,"88":0,"89":0,"90":0,"91":0,"92":0,"93":0,"94":0,"95":0,"96":0,"97":0,"98":0},"f":{"0":0,"1":0,"2":0,"3":0,"4":0,"5":0,"6":0,"7":0,"8":0},"b":{"0":[0],"1":[0],"2":[0],"3":[0],"4":[0,0],"5":[0],"6":[0,0],"7":[0],"8":[0],"9":[0],"10":[0,0],"11":[0],"12":[0],"13":[0,0],"14":[0],"15":[0],"16":[0,0],"17":[0],"18":[0,0],"19":[0],"20":[0],"21":[0,0],"22":[0,0]}}
,"C:\\Users\\Micro\\Desktop\\Projetos\\PFC\\api\\src\\modules\\consent\\consent.controller.ts": {"path":"C:\\Users\\Micro\\Desktop\\Projetos\\PFC\\api\\src\\modules\\consent\\consent.controller.ts","statementMap":{"0":{"start":{"line":2,"column":0},"end":{"line":2,"column":51}},"1":{"start":{"line":3,"column":0},"end":{"line":3,"column":77}},"2":{"start":{"line":7,"column":4},"end":{"line":31,"column":5}},"3":{"start":{"line":8,"column":21},"end":{"line":8,"column":60}},"4":{"start":{"line":10,"column":6},"end":{"line":12,"column":7}},"5":{"start":{"line":11,"column":8},"end":{"line":11,"column":84}},"6":{"start":{"line":14,"column":22},"end":{"line":14,"column":46}},"7":{"start":{"line":15,"column":6},"end":{"line":17,"column":7}},"8":{"start":{"line":16,"column":8},"end":{"line":16,"column":68}},"9":{"start":{"line":19,"column":87},"end":{"line":19,"column":98}},"10":{"start":{"line":21,"column":22},"end":{"line":25,"column":null}},"11":{"start":{"line":28,"column":6},"end":{"line":28,"column":36}},"12":{"start":{"line":30,"column":6},"end":{"line":30,"column":51}},"13":{"start":{"line":35,"column":4},"end":{"line":52,"column":5}},"14":{"start":{"line":36,"column":22},"end":{"line":36,"column":46}},"15":{"start":{"line":37,"column":6},"end":{"line":39,"column":7}},"16":{"start":{"line":38,"column":8},"end":{"line":38,"column":68}},"17":{"start":{"line":41,"column":21},"end":{"line":41,"column":65}},"18":{"start":{"line":42,"column":6},"end":{"line":44,"column":7}},"19":{"start":{"line":43,"column":8},"end":{"line":43,"column":85}},"20":{"start":{"line":46,"column":32},"end":{"line":46,"column":43}},"21":{"start":{"line":47,"column":22},"end":{"line":47,"column":83}},"22":{"start":{"line":49,"column":6},"end":{"line":49,"column":24}},"23":{"start":{"line":51,"column":6},"end":{"line":51,"column":51}},"24":{"start":{"line":5,"column":0},"end":{"line":5,"column":13}}},"fnMap":{"0":{"name":"(anonymous_0)","decl":{"start":{"line":6,"column":2},"end":{"line":6,"column":7}},"loc":{"start":{"line":6,"column":49},"end":{"line":32,"column":3}}},"1":{"name":"(anonymous_1)","decl":{"start":{"line":34,"column":2},"end":{"line":34,"column":7}},"loc":{"start":{"line":34,"column":46},"end":{"line":53,"column":3}}}},"branchMap":{"0":{"loc":{"start":{"line":10,"column":6},"end":{"line":12,"column":7}},"type":"if","locations":[{"start":{"line":10,"column":6},"end":{"line":12,"column":7}}]},"1":{"loc":{"start":{"line":15,"column":6},"end":{"line":17,"column":7}},"type":"if","locations":[{"start":{"line":15,"column":6},"end":{"line":17,"column":7}}]},"2":{"loc":{"start":{"line":37,"column":6},"end":{"line":39,"column":7}},"type":"if","locations":[{"start":{"line":37,"column":6},"end":{"line":39,"column":7}}]},"3":{"loc":{"start":{"line":42,"column":6},"end":{"line":44,"column":7}},"type":"if","locations":[{"start":{"line":42,"column":6},"end":{"line":44,"column":7}}]}},"s":{"0":1,"1":1,"2":2,"3":2,"4":2,"5":0,"6":2,"7":2,"8":1,"9":1,"10":1,"11":1,"12":0,"13":0,"14":0,"15":0,"16":0,"17":0,"18":0,"19":0,"20":0,"21":0,"22":0,"23":0,"24":1},"f":{"0":2,"1":0},"b":{"0":[0],"1":[1],"2":[0],"3":[0]}}
,"C:\\Users\\Micro\\Desktop\\Projetos\\PFC\\api\\src\\modules\\consent\\consent.dto.ts": {"path":"C:\\Users\\Micro\\Desktop\\Projetos\\PFC\\api\\src\\modules\\consent\\consent.dto.ts","statementMap":{"0":{"start":{"line":1,"column":0},"end":{"line":1,"column":24}},"1":{"start":{"line":3,"column":13},"end":{"line":7,"column":3}},"2":{"start":{"line":4,"column":48},"end":{"line":4,"column":58}},"3":{"start":{"line":9,"column":13},"end":{"line":12,"column":3}}},"fnMap":{"0":{"name":"(anonymous_0)","decl":{"start":{"line":4,"column":43},"end":{"line":4,"column":44}},"loc":{"start":{"line":4,"column":48},"end":{"line":4,"column":58}}}},"branchMap":{},"s":{"0":1,"1":1,"2":2,"3":1},"f":{"0":2},"b":{}}
,"C:\\Users\\Micro\\Desktop\\Projetos\\PFC\\api\\src\\modules\\consent\\consent.routes.ts": {"path":"C:\\Users\\Micro\\Desktop\\Projetos\\PFC\\api\\src\\modules\\consent\\consent.routes.ts","statementMap":{"0":{"start":{"line":1,"column":0},"end":{"line":1,"column":33}},"1":{"start":{"line":2,"column":0},"end":{"line":2,"column":57}},"2":{"start":{"line":3,"column":0},"end":{"line":3,"column":67}},"3":{"start":{"line":5,"column":15},"end":{"line":5,"column":23}},"4":{"start":{"line":6,"column":19},"end":{"line":6,"column":42}},"5":{"start":{"line":8,"column":0},"end":{"line":8,"column":59}},"6":{"start":{"line":9,"column":0},"end":{"line":9,"column":62}},"7":{"start":{"line":11,"column":0},"end":{"line":11,"column":22}}},"fnMap":{},"branchMap":{},"s":{"0":0,"1":0,"2":0,"3":0,"4":0,"5":0,"6":0,"7":0},"f":{},"b":{}}
,"C:\\Users\\Micro\\Desktop\\Projetos\\PFC\\api\\src\\modules\\consent\\consent.service.ts": {"path":"C:\\Users\\Micro\\Desktop\\Projetos\\PFC\\api\\src\\modules\\consent\\consent.service.ts","statementMap":{"0":{"start":{"line":1,"column":0},"end":{"line":1,"column":52}},"1":{"start":{"line":11,"column":28},"end":{"line":22,"column":15}},"2":{"start":{"line":24,"column":4},"end":{"line":26,"column":5}},"3":{"start":{"line":25,"column":6},"end":{"line":25,"column":75}},"4":{"start":{"line":28,"column":4},"end":{"line":28,"column":16}},"5":{"start":{"line":32,"column":28},"end":{"line":37,"column":40}},"6":{"start":{"line":39,"column":4},"end":{"line":41,"column":5}},"7":{"start":{"line":40,"column":6},"end":{"line":40,"column":86}},"8":{"start":{"line":43,"column":4},"end":{"line":43,"column":22}},"9":{"start":{"line":47,"column":28},"end":{"line":53,"column":15}},"10":{"start":{"line":55,"column":4},"end":{"line":57,"column":5}},"11":{"start":{"line":56,"column":6},"end":{"line":56,"column":85}},"12":{"start":{"line":59,"column":4},"end":{"line":59,"column":24}},"13":{"start":{"line":4,"column":0},"end":{"line":4,"column":13}},"14":{"start":{"line":63,"column":13},"end":{"line":63,"column":51}}},"fnMap":{"0":{"name":"(anonymous_0)","decl":{"start":{"line":5,"column":2},"end":{"line":5,"column":7}},"loc":{"start":{"line":9,"column":32},"end":{"line":29,"column":3}}},"1":{"name":"(anonymous_1)","decl":{"start":{"line":31,"column":2},"end":{"line":31,"column":7}},"loc":{"start":{"line":31,"column":64},"end":{"line":44,"column":3}}},"2":{"name":"(anonymous_2)","decl":{"start":{"line":46,"column":2},"end":{"line":46,"column":7}},"loc":{"start":{"line":46,"column":39},"end":{"line":60,"column":3}}}},"branchMap":{"0":{"loc":{"start":{"line":24,"column":4},"end":{"line":26,"column":5}},"type":"if","locations":[{"start":{"line":24,"column":4},"end":{"line":26,"column":5}}]},"1":{"loc":{"start":{"line":31,"column":42},"end":{"line":31,"column":52}},"type":"default-arg","locations":[{"start":{"line":31,"column":50},"end":{"line":31,"column":52}}]},"2":{"loc":{"start":{"line":31,"column":54},"end":{"line":31,"column":64}},"type":"default-arg","locations":[{"start":{"line":31,"column":63},"end":{"line":31,"column":64}}]},"3":{"loc":{"start":{"line":39,"column":4},"end":{"line":41,"column":5}},"type":"if","locations":[{"start":{"line":39,"column":4},"end":{"line":41,"column":5}}]},"4":{"loc":{"start":{"line":43,"column":11},"end":{"line":43,"column":21}},"type":"binary-expr","locations":[{"start":{"line":43,"column":11},"end":{"line":43,"column":15}},{"start":{"line":43,"column":19},"end":{"line":43,"column":21}}]},"5":{"loc":{"start":{"line":55,"column":4},"end":{"line":57,"column":5}},"type":"if","locations":[{"start":{"line":55,"column":4},"end":{"line":57,"column":5}}]},"6":{"loc":{"start":{"line":55,"column":8},"end":{"line":55,"column":42}},"type":"binary-expr","locations":[{"start":{"line":55,"column":8},"end":{"line":55,"column":13}},{"start":{"line":55,"column":17},"end":{"line":55,"column":42}}]},"7":{"loc":{"start":{"line":59,"column":11},"end":{"line":59,"column":23}},"type":"binary-expr","locations":[{"start":{"line":59,"column":11},"end":{"line":59,"column":15}},{"start":{"line":59,"column":19},"end":{"line":59,"column":23}}]}},"s":{"0":0,"1":0,"2":0,"3":0,"4":0,"5":0,"6":0,"7":0,"8":0,"9":0,"10":0,"11":0,"12":0,"13":0,"14":0},"f":{"0":0,"1":0,"2":0},"b":{"0":[0],"1":[0],"2":[0],"3":[0],"4":[0,0],"5":[0],"6":[0,0],"7":[0,0]}}
,"C:\\Users\\Micro\\Desktop\\Projetos\\PFC\\api\\src\\modules\\email\\email.service.ts": {"path":"C:\\Users\\Micro\\Desktop\\Projetos\\PFC\\api\\src\\modules\\email\\email.service.ts","statementMap":{"0":{"start":{"line":2,"column":0},"end":{"line":2,"column":39}},"1":{"start":{"line":3,"column":0},"end":{"line":3,"column":36}},"2":{"start":{"line":4,"column":0},"end":{"line":4,"column":37}},"3":{"start":{"line":13,"column":22},"end":{"line":13,"column":77}},"4":{"start":{"line":14,"column":31},"end":{"line":14,"column":64}},"5":{"start":{"line":15,"column":17},"end":{"line":25,"column":6}},"6":{"start":{"line":26,"column":16},"end":{"line":31,"column":6}},"7":{"start":{"line":32,"column":4},"end":{"line":32,"column":31}},"8":{"start":{"line":36,"column":17},"end":{"line":42,"column":6}},"9":{"start":{"line":43,"column":16},"end":{"line":48,"column":6}},"10":{"start":{"line":49,"column":4},"end":{"line":49,"column":31}},"11":{"start":{"line":52,"column":4},"end":{"line":62,"column":5}},"12":{"start":{"line":53,"column":6},"end":{"line":53,"column":31}},"13":{"start":{"line":54,"column":6},"end":{"line":54,"column":62}},"14":{"start":{"line":57,"column":6},"end":{"line":57,"column":48}},"15":{"start":{"line":58,"column":4},"end":{"line":60,"column":7}},"16":{"start":{"line":59,"column":8},"end":{"line":59,"column":43}},"17":{"start":{"line":61,"column":6},"end":{"line":61,"column":64}},"18":{"start":{"line":11,"column":0},"end":{"line":11,"column":13}},"19":{"start":{"line":66,"column":13},"end":{"line":66,"column":47}}},"fnMap":{"0":{"name":"(anonymous_1)","decl":{"start":{"line":12,"column":2},"end":{"line":12,"column":7}},"loc":{"start":{"line":12,"column":81},"end":{"line":33,"column":3}}},"1":{"name":"(anonymous_2)","decl":{"start":{"line":35,"column":2},"end":{"line":35,"column":7}},"loc":{"start":{"line":35,"column":46},"end":{"line":50,"column":3}}},"2":{"name":"(anonymous_3)","decl":{"start":{"line":51,"column":2},"end":{"line":51,"column":7}},"loc":{"start":{"line":51,"column":46},"end":{"line":63,"column":3}}}},"branchMap":{"0":{"loc":{"start":{"line":28,"column":12},"end":{"line":28,"column":31}},"type":"binary-expr","locations":[{"start":{"line":28,"column":12},"end":{"line":28,"column":25}},{"start":{"line":28,"column":29},"end":{"line":28,"column":31}}]},"1":{"loc":{"start":{"line":45,"column":12},"end":{"line":45,"column":31}},"type":"binary-expr","locations":[{"start":{"line":45,"column":12},"end":{"line":45,"column":25}},{"start":{"line":45,"column":29},"end":{"line":45,"column":31}}]},"2":{"loc":{"start":{"line":58,"column":4},"end":{"line":60,"column":7}},"type":"if","locations":[{"start":{"line":58,"column":4},"end":{"line":60,"column":7}}]}},"s":{"0":0,"1":0,"2":0,"3":0,"4":0,"5":0,"6":0,"7":0,"8":0,"9":0,"10":0,"11":0,"12":0,"13":0,"14":0,"15":0,"16":0,"17":0,"18":0,"19":0},"f":{"0":0,"1":0,"2":0},"b":{"0":[0,0],"1":[0,0],"2":[0]}}
,"C:\\Users\\Micro\\Desktop\\Projetos\\PFC\\api\\src\\modules\\user\\user.controller.ts": {"path":"C:\\Users\\Micro\\Desktop\\Projetos\\PFC\\api\\src\\modules\\user\\user.controller.ts","statementMap":{"0":{"start":{"line":2,"column":0},"end":{"line":2,"column":45}},"1":{"start":{"line":3,"column":18},"end":{"line":3,"column":35}},"2":{"start":{"line":6,"column":4},"end":{"line":21,"column":5}},"3":{"start":{"line":7,"column":22},"end":{"line":7,"column":46}},"4":{"start":{"line":9,"column":6},"end":{"line":13,"column":7}},"5":{"start":{"line":10,"column":8},"end":{"line":12,"column":11}},"6":{"start":{"line":15,"column":19},"end":{"line":15,"column":56}},"7":{"start":{"line":16,"column":6},"end":{"line":16,"column":28}},"8":{"start":{"line":18,"column":6},"end":{"line":20,"column":9}},"9":{"start":{"line":25,"column":4},"end":{"line":44,"column":5}},"10":{"start":{"line":26,"column":22},"end":{"line":26,"column":46}},"11":{"start":{"line":28,"column":6},"end":{"line":32,"column":7}},"12":{"start":{"line":29,"column":8},"end":{"line":31,"column":11}},"13":{"start":{"line":34,"column":24},"end":{"line":34,"column":30}},"14":{"start":{"line":35,"column":24},"end":{"line":35,"column":45}},"15":{"start":{"line":37,"column":21},"end":{"line":37,"column":83}},"16":{"start":{"line":39,"column":6},"end":{"line":39,"column":30}},"17":{"start":{"line":41,"column":6},"end":{"line":43,"column":9}},"18":{"start":{"line":48,"column":4},"end":{"line":67,"column":5}},"19":{"start":{"line":49,"column":22},"end":{"line":49,"column":46}},"20":{"start":{"line":51,"column":6},"end":{"line":55,"column":7}},"21":{"start":{"line":52,"column":8},"end":{"line":54,"column":11}},"22":{"start":{"line":57,"column":24},"end":{"line":57,"column":30}},"23":{"start":{"line":58,"column":24},"end":{"line":58,"column":45}},"24":{"start":{"line":60,"column":21},"end":{"line":60,"column":83}},"25":{"start":{"line":62,"column":6},"end":{"line":62,"column":30}},"26":{"start":{"line":64,"column":6},"end":{"line":66,"column":9}},"27":{"start":{"line":4,"column":0},"end":{"line":4,"column":13}}},"fnMap":{"0":{"name":"(anonymous_0)","decl":{"start":{"line":5,"column":2},"end":{"line":5,"column":7}},"loc":{"start":{"line":5,"column":47},"end":{"line":22,"column":3}}},"1":{"name":"(anonymous_1)","decl":{"start":{"line":24,"column":2},"end":{"line":24,"column":7}},"loc":{"start":{"line":24,"column":50},"end":{"line":45,"column":3}}},"2":{"name":"(anonymous_2)","decl":{"start":{"line":47,"column":2},"end":{"line":47,"column":7}},"loc":{"start":{"line":47,"column":50},"end":{"line":68,"column":3}}}},"branchMap":{"0":{"loc":{"start":{"line":9,"column":6},"end":{"line":13,"column":7}},"type":"if","locations":[{"start":{"line":9,"column":6},"end":{"line":13,"column":7}}]},"1":{"loc":{"start":{"line":28,"column":6},"end":{"line":32,"column":7}},"type":"if","locations":[{"start":{"line":28,"column":6},"end":{"line":32,"column":7}}]},"2":{"loc":{"start":{"line":51,"column":6},"end":{"line":55,"column":7}},"type":"if","locations":[{"start":{"line":51,"column":6},"end":{"line":55,"column":7}}]}},"s":{"0":1,"1":1,"2":2,"3":2,"4":2,"5":1,"6":1,"7":1,"8":0,"9":0,"10":0,"11":0,"12":0,"13":0,"14":0,"15":0,"16":0,"17":0,"18":0,"19":0,"20":0,"21":0,"22":0,"23":0,"24":0,"25":0,"26":0,"27":1},"f":{"0":2,"1":0,"2":0},"b":{"0":[1],"1":[0],"2":[0]}}
,"C:\\Users\\Micro\\Desktop\\Projetos\\PFC\\api\\src\\modules\\user\\user.routes.ts": {"path":"C:\\Users\\Micro\\Desktop\\Projetos\\PFC\\api\\src\\modules\\user\\user.routes.ts","statementMap":{"0":{"start":{"line":1,"column":0},"end":{"line":1,"column":33}},"1":{"start":{"line":2,"column":0},"end":{"line":2,"column":51}},"2":{"start":{"line":3,"column":0},"end":{"line":3,"column":67}},"3":{"start":{"line":5,"column":15},"end":{"line":5,"column":23}},"4":{"start":{"line":7,"column":19},"end":{"line":7,"column":39}},"5":{"start":{"line":9,"column":0},"end":{"line":9,"column":60}},"6":{"start":{"line":10,"column":0},"end":{"line":10,"column":75}},"7":{"start":{"line":11,"column":0},"end":{"line":11,"column":76}},"8":{"start":{"line":13,"column":0},"end":{"line":13,"column":22}}},"fnMap":{},"branchMap":{},"s":{"0":0,"1":0,"2":0,"3":0,"4":0,"5":0,"6":0,"7":0,"8":0},"f":{},"b":{}}
,"C:\\Users\\Micro\\Desktop\\Projetos\\PFC\\api\\src\\modules\\user\\user.service.ts": {"path":"C:\\Users\\Micro\\Desktop\\Projetos\\PFC\\api\\src\\modules\\user\\user.service.ts","statementMap":{"0":{"start":{"line":1,"column":0},"end":{"line":1,"column":52}},"1":{"start":{"line":2,"column":0},"end":{"line":2,"column":67}},"2":{"start":{"line":6,"column":46},"end":{"line":10,"column":15}},"3":{"start":{"line":12,"column":4},"end":{"line":23,"column":5}},"4":{"start":{"line":13,"column":6},"end":{"line":21,"column":8}},"5":{"start":{"line":22,"column":6},"end":{"line":22,"column":49}},"6":{"start":{"line":25,"column":35},"end":{"line":25,"column":93}},"7":{"start":{"line":27,"column":4},"end":{"line":39,"column":5}},"8":{"start":{"line":28,"column":6},"end":{"line":37,"column":8}},"9":{"start":{"line":38,"column":6},"end":{"line":38,"column":57}},"10":{"start":{"line":41,"column":4},"end":{"line":51,"column":6}},"11":{"start":{"line":53,"column":4},"end":{"line":55,"column":6}},"12":{"start":{"line":60,"column":34},"end":{"line":64,"column":15}},"13":{"start":{"line":66,"column":4},"end":{"line":68,"column":5}},"14":{"start":{"line":67,"column":6},"end":{"line":67,"column":49}},"15":{"start":{"line":70,"column":23},"end":{"line":70,"column":47}},"16":{"start":{"line":72,"column":4},"end":{"line":81,"column":6}},"17":{"start":{"line":83,"column":4},"end":{"line":90,"column":6}},"18":{"start":{"line":94,"column":34},"end":{"line":94,"column":97}},"19":{"start":{"line":95,"column":4},"end":{"line":97,"column":5}},"20":{"start":{"line":96,"column":6},"end":{"line":96,"column":49}},"21":{"start":{"line":98,"column":4},"end":{"line":104,"column":6}},"22":{"start":{"line":4,"column":0},"end":{"line":4,"column":13}}},"fnMap":{"0":{"name":"(anonymous_0)","decl":{"start":{"line":5,"column":2},"end":{"line":5,"column":7}},"loc":{"start":{"line":5,"column":77},"end":{"line":56,"column":3}}},"1":{"name":"(anonymous_1)","decl":{"start":{"line":59,"column":2},"end":{"line":59,"column":7}},"loc":{"start":{"line":59,"column":77},"end":{"line":91,"column":3}}},"2":{"name":"(anonymous_2)","decl":{"start":{"line":93,"column":2},"end":{"line":93,"column":7}},"loc":{"start":{"line":93,"column":30},"end":{"line":105,"column":3}}}},"branchMap":{"0":{"loc":{"start":{"line":12,"column":4},"end":{"line":23,"column":5}},"type":"if","locations":[{"start":{"line":12,"column":4},"end":{"line":23,"column":5}}]},"1":{"loc":{"start":{"line":12,"column":8},"end":{"line":12,"column":27}},"type":"binary-expr","locations":[{"start":{"line":12,"column":8},"end":{"line":12,"column":13}},{"start":{"line":12,"column":17},"end":{"line":12,"column":27}}]},"2":{"loc":{"start":{"line":27,"column":4},"end":{"line":39,"column":5}},"type":"if","locations":[{"start":{"line":27,"column":4},"end":{"line":39,"column":5}}]},"3":{"loc":{"start":{"line":66,"column":4},"end":{"line":68,"column":5}},"type":"if","locations":[{"start":{"line":66,"column":4},"end":{"line":68,"column":5}}]},"4":{"loc":{"start":{"line":66,"column":8},"end":{"line":66,"column":22}},"type":"binary-expr","locations":[{"start":{"line":66,"column":8},"end":{"line":66,"column":13}},{"start":{"line":66,"column":17},"end":{"line":66,"column":22}}]},"5":{"loc":{"start":{"line":95,"column":4},"end":{"line":97,"column":5}},"type":"if","locations":[{"start":{"line":95,"column":4},"end":{"line":97,"column":5}}]}},"s":{"0":0,"1":0,"2":0,"3":0,"4":0,"5":0,"6":0,"7":0,"8":0,"9":0,"10":0,"11":0,"12":0,"13":0,"14":0,"15":0,"16":0,"17":0,"18":0,"19":0,"20":0,"21":0,"22":0},"f":{"0":0,"1":0,"2":0},"b":{"0":[0],"1":[0,0],"2":[0],"3":[0],"4":[0,0],"5":[0]}}
,"C:\\Users\\Micro\\Desktop\\Projetos\\PFC\\api\\src\\routes\\index.ts": {"path":"C:\\Users\\Micro\\Desktop\\Projetos\\PFC\\api\\src\\routes\\index.ts","statementMap":{"0":{"start":{"line":1,"column":0},"end":{"line":1,"column":33}},"1":{"start":{"line":2,"column":0},"end":{"line":2,"column":53}},"2":{"start":{"line":3,"column":0},"end":{"line":3,"column":53}},"3":{"start":{"line":4,"column":0},"end":{"line":4,"column":62}},"4":{"start":{"line":6,"column":15},"end":{"line":6,"column":23}},"5":{"start":{"line":8,"column":0},"end":{"line":8,"column":32}},"6":{"start":{"line":9,"column":0},"end":{"line":9,"column":null}},"7":{"start":{"line":10,"column":0},"end":{"line":10,"column":38}},"8":{"start":{"line":12,"column":0},"end":{"line":12,"column":22}}},"fnMap":{},"branchMap":{},"s":{"0":0,"1":0,"2":0,"3":0,"4":0,"5":0,"6":0,"7":0,"8":0},"f":{},"b":{}}
,"C:\\Users\\Micro\\Desktop\\Projetos\\PFC\\api\\src\\utils\\generate-reset-token.ts": {"path":"C:\\Users\\Micro\\Desktop\\Projetos\\PFC\\api\\src\\utils\\generate-reset-token.ts","statementMap":{"0":{"start":{"line":3,"column":0},"end":{"line":3,"column":16}},"1":{"start":{"line":1,"column":0},"end":{"line":1,"column":28}},"2":{"start":{"line":4,"column":2},"end":{"line":4,"column":48}}},"fnMap":{"0":{"name":"generateResetToken","decl":{"start":{"line":3,"column":16},"end":{"line":3,"column":34}},"loc":{"start":{"line":3,"column":34},"end":{"line":5,"column":1}}}},"branchMap":{},"s":{"0":0,"1":0,"2":0},"f":{"0":0},"b":{}}
,"C:\\Users\\Micro\\Desktop\\Projetos\\PFC\\api\\src\\utils\\hash.ts": {"path":"C:\\Users\\Micro\\Desktop\\Projetos\\PFC\\api\\src\\utils\\hash.ts","statementMap":{"0":{"start":{"line":5,"column":0},"end":{"line":5,"column":7}},"1":{"start":{"line":9,"column":0},"end":{"line":9,"column":7}},"2":{"start":{"line":13,"column":0},"end":{"line":13,"column":16}},"3":{"start":{"line":1,"column":0},"end":{"line":1,"column":28}},"4":{"start":{"line":2,"column":0},"end":{"line":2,"column":36}},"5":{"start":{"line":3,"column":0},"end":{"line":3,"column":36}},"6":{"start":{"line":6,"column":2},"end":{"line":6,"column":49}},"7":{"start":{"line":10,"column":2},"end":{"line":10,"column":40}},"8":{"start":{"line":14,"column":2},"end":{"line":16,"column":19}}},"fnMap":{"0":{"name":"hashPassword","decl":{"start":{"line":5,"column":22},"end":{"line":5,"column":34}},"loc":{"start":{"line":5,"column":51},"end":{"line":7,"column":1}}},"1":{"name":"comparePassword","decl":{"start":{"line":9,"column":22},"end":{"line":9,"column":37}},"loc":{"start":{"line":9,"column":68},"end":{"line":11,"column":1}}},"2":{"name":"hmacAuditLog","decl":{"start":{"line":13,"column":16},"end":{"line":13,"column":28}},"loc":{"start":{"line":13,"column":57},"end":{"line":17,"column":1}}}},"branchMap":{},"s":{"0":0,"1":0,"2":0,"3":0,"4":0,"5":0,"6":0,"7":0,"8":0},"f":{"0":0,"1":0,"2":0},"b":{}}
,"C:\\Users\\Micro\\Desktop\\Projetos\\PFC\\api\\src\\utils\\jwt.ts": {"path":"C:\\Users\\Micro\\Desktop\\Projetos\\PFC\\api\\src\\utils\\jwt.ts","statementMap":{"0":{"start":{"line":4,"column":0},"end":{"line":4,"column":16}},"1":{"start":{"line":11,"column":0},"end":{"line":11,"column":16}},"2":{"start":{"line":1,"column":0},"end":{"line":1,"column":31}},"3":{"start":{"line":2,"column":0},"end":{"line":2,"column":36}},"4":{"start":{"line":5,"column":2},"end":{"line":8,"column":5}},"5":{"start":{"line":12,"column":2},"end":{"line":12,"column":42}}},"fnMap":{"0":{"name":"generateToken","decl":{"start":{"line":4,"column":16},"end":{"line":4,"column":29}},"loc":{"start":{"line":4,"column":76},"end":{"line":9,"column":1}}},"1":{"name":"verifyToken","decl":{"start":{"line":11,"column":16},"end":{"line":11,"column":27}},"loc":{"start":{"line":11,"column":41},"end":{"line":13,"column":1}}}},"branchMap":{"0":{"loc":{"start":{"line":4,"column":47},"end":{"line":4,"column":76}},"type":"default-arg","locations":[{"start":{"line":4,"column":74},"end":{"line":4,"column":76}}]}},"s":{"0":0,"1":0,"2":0,"3":0,"4":0,"5":0},"f":{"0":0,"1":0},"b":{"0":[0]}}
,"C:\\Users\\Micro\\Desktop\\Projetos\\PFC\\api\\src\\utils\\requestHelper.ts": {"path":"C:\\Users\\Micro\\Desktop\\Projetos\\PFC\\api\\src\\utils\\requestHelper.ts","statementMap":{"0":{"start":{"line":4,"column":0},"end":{"line":4,"column":16}},"1":{"start":{"line":5,"column":16},"end":{"line":5,"column":55}},"2":{"start":{"line":7,"column":2},"end":{"line":9,"column":3}},"3":{"start":{"line":8,"column":4},"end":{"line":8,"column":21}},"4":{"start":{"line":11,"column":21},"end":{"line":11,"column":53}},"5":{"start":{"line":13,"column":2},"end":{"line":13,"column":33}}},"fnMap":{"0":{"name":"getQueryString","decl":{"start":{"line":4,"column":16},"end":{"line":4,"column":30}},"loc":{"start":{"line":4,"column":48},"end":{"line":14,"column":1}}}},"branchMap":{"0":{"loc":{"start":{"line":5,"column":16},"end":{"line":5,"column":55}},"type":"cond-expr","locations":[{"start":{"line":5,"column":39},"end":{"line":5,"column":47}},{"start":{"line":5,"column":50},"end":{"line":5,"column":55}}]},"1":{"loc":{"start":{"line":7,"column":2},"end":{"line":9,"column":3}},"type":"if","locations":[{"start":{"line":7,"column":2},"end":{"line":9,"column":3}}]},"2":{"loc":{"start":{"line":13,"column":9},"end":{"line":13,"column":32}},"type":"binary-expr","locations":[{"start":{"line":13,"column":9},"end":{"line":13,"column":19}},{"start":{"line":13,"column":23},"end":{"line":13,"column":32}}]}},"s":{"0":0,"1":0,"2":0,"3":0,"4":0,"5":0},"f":{"0":0},"b":{"0":[0,0],"1":[0],"2":[0,0]}}
,"C:\\Users\\Micro\\Desktop\\Projetos\\PFC\\api\\src\\utils\\session.ts": {"path":"C:\\Users\\Micro\\Desktop\\Projetos\\PFC\\api\\src\\utils\\session.ts","statementMap":{"0":{"start":{"line":34,"column":0},"end":{"line":34,"column":16}},"1":{"start":{"line":42,"column":0},"end":{"line":42,"column":16}},"2":{"start":{"line":46,"column":0},"end":{"line":46,"column":16}},"3":{"start":{"line":51,"column":0},"end":{"line":51,"column":16}},"4":{"start":{"line":59,"column":0},"end":{"line":59,"column":16}},"5":{"start":{"line":63,"column":0},"end":{"line":63,"column":16}},"6":{"start":{"line":2,"column":0},"end":{"line":2,"column":36}},"7":{"start":{"line":3,"column":0},"end":{"line":3,"column":51}},"8":{"start":{"line":6,"column":24},"end":{"line":6,"column":38}},"9":{"start":{"line":7,"column":28},"end":{"line":7,"column":41}},"10":{"start":{"line":11,"column":23},"end":{"line":11,"column":51}},"11":{"start":{"line":13,"column":2},"end":{"line":19,"column":4}},"12":{"start":{"line":22,"column":23},"end":{"line":22,"column":51}},"13":{"start":{"line":24,"column":2},"end":{"line":30,"column":4}},"14":{"start":{"line":35,"column":2},"end":{"line":39,"column":4}},"15":{"start":{"line":43,"column":2},"end":{"line":43,"column":72}},"16":{"start":{"line":47,"column":2},"end":{"line":47,"column":70}},"17":{"start":{"line":52,"column":16},"end":{"line":54,"column":25}},"18":{"start":{"line":56,"column":2},"end":{"line":56,"column":78}},"19":{"start":{"line":60,"column":2},"end":{"line":60,"column":76}},"20":{"start":{"line":64,"column":16},"end":{"line":64,"column":55}},"21":{"start":{"line":66,"column":2},"end":{"line":68,"column":3}},"22":{"start":{"line":67,"column":4},"end":{"line":67,"column":16}},"23":{"start":{"line":69,"column":2},"end":{"line":74,"column":3}},"24":{"start":{"line":70,"column":20},"end":{"line":70,"column":59}},"25":{"start":{"line":71,"column":4},"end":{"line":71,"column":26}},"26":{"start":{"line":73,"column":4},"end":{"line":73,"column":16}}},"fnMap":{"0":{"name":"buildSessionCookieOptions","decl":{"start":{"line":10,"column":9},"end":{"line":10,"column":34}},"loc":{"start":{"line":10,"column":34},"end":{"line":20,"column":1}}},"1":{"name":"buildPending2FACookieOptions","decl":{"start":{"line":21,"column":9},"end":{"line":21,"column":37}},"loc":{"start":{"line":21,"column":37},"end":{"line":31,"column":1}}},"2":{"name":"getSessionTokenFromRequest","decl":{"start":{"line":34,"column":16},"end":{"line":34,"column":42}},"loc":{"start":{"line":34,"column":55},"end":{"line":40,"column":1}}},"3":{"name":"setSessionCookie","decl":{"start":{"line":42,"column":16},"end":{"line":42,"column":32}},"loc":{"start":{"line":42,"column":61},"end":{"line":44,"column":1}}},"4":{"name":"clearSessionCookie","decl":{"start":{"line":46,"column":16},"end":{"line":46,"column":34}},"loc":{"start":{"line":46,"column":48},"end":{"line":48,"column":1}}},"5":{"name":"setPending2FACookie","decl":{"start":{"line":51,"column":16},"end":{"line":51,"column":35}},"loc":{"start":{"line":51,"column":65},"end":{"line":57,"column":1}}},"6":{"name":"clearPending2FACookie","decl":{"start":{"line":59,"column":16},"end":{"line":59,"column":37}},"loc":{"start":{"line":59,"column":51},"end":{"line":61,"column":1}}},"7":{"name":"getPending2FAUserId","decl":{"start":{"line":63,"column":16},"end":{"line":63,"column":35}},"loc":{"start":{"line":63,"column":48},"end":{"line":75,"column":1}}}},"branchMap":{"0":{"loc":{"start":{"line":16,"column":14},"end":{"line":16,"column":43}},"type":"cond-expr","locations":[{"start":{"line":16,"column":29},"end":{"line":16,"column":35}},{"start":{"line":16,"column":38},"end":{"line":16,"column":43}}]},"1":{"loc":{"start":{"line":27,"column":14},"end":{"line":27,"column":43}},"type":"cond-expr","locations":[{"start":{"line":27,"column":29},"end":{"line":27,"column":35}},{"start":{"line":27,"column":38},"end":{"line":27,"column":43}}]},"2":{"loc":{"start":{"line":36,"column":4},"end":{"line":38,"column":8}},"type":"binary-expr","locations":[{"start":{"line":36,"column":4},"end":{"line":36,"column":40}},{"start":{"line":37,"column":4},"end":{"line":37,"column":55}},{"start":{"line":38,"column":4},"end":{"line":38,"column":8}}]},"3":{"loc":{"start":{"line":66,"column":2},"end":{"line":68,"column":3}},"type":"if","locations":[{"start":{"line":66,"column":2},"end":{"line":68,"column":3}}]}},"s":{"0":0,"1":0,"2":0,"3":0,"4":0,"5":0,"6":0,"7":0,"8":0,"9":0,"10":0,"11":0,"12":0,"13":0,"14":0,"15":0,"16":0,"17":0,"18":0,"19":0,"20":0,"21":0,"22":0,"23":0,"24":0,"25":0,"26":0},"f":{"0":0,"1":0,"2":0,"3":0,"4":0,"5":0,"6":0,"7":0},"b":{"0":[0,0],"1":[0,0],"2":[0,0,0],"3":[0]}}
}
