TN:
SF:src\app.ts
FNF:0
FNH:0
DA:1,0
DA:2,0
DA:3,0
DA:4,0
DA:5,0
DA:6,0
DA:7,0
DA:8,0
DA:9,0
DA:14,0
DA:15,0
DA:19,0
DA:21,0
LF:13
LH:0
BRF:0
BRH:0
end_of_record
TN:
SF:src\server.ts
FN:5,(anonymous_1)
FNF:1
FNH:0
FNDA:0,(anonymous_1)
DA:1,0
DA:3,0
DA:5,0
DA:6,0
LF:4
LH:0
BRDA:3,0,0,0
BRDA:3,0,1,0
BRF:2
BRH:0
end_of_record
TN:
SF:src\config\env.ts
FNF:0
FNH:0
DA:1,0
DA:3,0
DA:5,0
LF:3
LH:0
BRDA:6,0,0,0
BRDA:6,0,1,0
BRDA:7,1,0,0
BRDA:7,1,1,0
BRDA:9,2,0,0
BRDA:9,2,1,0
BRDA:10,3,0,0
BRDA:10,3,1,0
BRDA:11,4,0,0
BRDA:11,4,1,0
BRDA:13,5,0,0
BRDA:13,5,1,0
BRDA:14,6,0,0
BRDA:14,6,1,0
BRDA:15,7,0,0
BRDA:15,7,1,0
BRDA:16,8,0,0
BRDA:16,8,1,0
BRDA:17,9,0,0
BRDA:17,9,1,0
BRDA:18,10,0,0
BRDA:18,10,1,0
BRF:22
BRH:0
end_of_record
TN:
SF:src\db\supabase\client.ts
FNF:0
FNH:0
DA:1,0
DA:2,0
DA:4,0
LF:3
LH:0
BRF:0
BRH:0
end_of_record
TN:
SF:src\middlewares\auth.middleware.ts
FN:5,authMiddleware
FNF:1
FNH:0
FNDA:0,authMiddleware
DA:2,0
DA:3,0
DA:5,0
DA:6,0
DA:8,0
DA:9,0
DA:12,0
DA:13,0
DA:15,0
DA:17,0
DA:19,0
LF:11
LH:0
BRDA:8,0,0,0
BRF:1
BRH:0
end_of_record
TN:
SF:src\modules\audit\audit.service.ts
FN:4,(anonymous_0)
FN:24,(anonymous_1)
FN:55,(anonymous_2)
FNF:3
FNH:0
FNDA:0,(anonymous_0)
FNDA:0,(anonymous_1)
FNDA:0,(anonymous_2)
DA:1,0
DA:2,0
DA:4,0
DA:5,0
DA:6,0
DA:7,0
DA:8,0
DA:9,0
DA:10,0
DA:11,0
DA:12,0
DA:13,0
DA:14,0
DA:15,0
DA:16,0
DA:17,0
DA:18,0
DA:19,0
DA:20,0
DA:23,0
DA:31,0
DA:32,0
DA:33,0
DA:41,0
DA:43,0
DA:47,0
DA:48,0
DA:51,0
DA:56,0
DA:63,0
DA:64,0
DA:67,0
DA:71,0
LF:33
LH:0
BRDA:4,0,0,0
BRDA:4,0,1,0
BRDA:41,1,0,0
BRDA:41,1,1,0
BRDA:47,2,0,0
BRDA:55,3,0,0
BRDA:55,4,0,0
BRDA:63,5,0,0
BRF:8
BRH:0
end_of_record
TN:
SF:src\modules\auth\auth.controller.ts
FN:17,(anonymous_0)
FN:52,(anonymous_1)
FN:80,(anonymous_2)
FN:104,(anonymous_3)
FN:117,(anonymous_4)
FN:129,(anonymous_5)
FN:145,(anonymous_6)
FN:158,(anonymous_7)
FN:179,(anonymous_8)
FNF:9
FNH:2
FNDA:0,(anonymous_0)
FNDA:2,(anonymous_1)
FNDA:2,(anonymous_2)
FNDA:0,(anonymous_3)
FNDA:0,(anonymous_4)
FNDA:0,(anonymous_5)
FNDA:0,(anonymous_6)
FNDA:0,(anonymous_7)
FNDA:0,(anonymous_8)
DA:2,1
DA:3,1
DA:5,1
DA:12,1
DA:14,1
DA:16,1
DA:18,0
DA:19,0
DA:21,0
DA:22,0
DA:24,0
DA:25,0
DA:26,0
DA:27,0
DA:35,0
DA:46,0
DA:48,0
DA:53,2
DA:54,2
DA:55,2
DA:56,0
DA:58,2
DA:59,2
DA:60,2
DA:61,2
DA:63,2
DA:64,1
DA:65,1
DA:67,1
DA:68,1
DA:71,2
DA:76,0
DA:81,2
DA:82,2
DA:83,2
DA:85,2
DA:86,1
DA:89,1
DA:91,1
DA:92,1
DA:93,1
DA:96,1
DA:100,0
DA:105,0
DA:106,0
DA:107,0
DA:108,0
DA:110,0
DA:111,0
DA:113,0
DA:118,0
DA:119,0
DA:120,0
DA:121,0
DA:123,0
DA:124,0
DA:126,0
DA:130,0
DA:131,0
DA:132,0
DA:133,0
DA:136,0
DA:137,0
DA:139,0
DA:140,0
DA:142,0
DA:146,0
DA:147,0
DA:148,0
DA:149,0
DA:152,0
DA:153,0
DA:155,0
DA:159,0
DA:160,0
DA:161,0
DA:162,0
DA:165,0
DA:166,0
DA:169,0
DA:170,0
DA:172,0
DA:173,0
DA:175,0
DA:180,0
DA:181,0
DA:182,0
LF:87
LH:29
BRDA:21,0,0,0
BRDA:55,1,0,0
BRDA:63,2,0,1
BRDA:63,2,1,1
BRDA:67,3,0,1
BRDA:85,4,0,1
BRDA:85,5,0,2
BRDA:85,5,1,1
BRDA:91,6,0,1
BRDA:107,7,0,0
BRDA:120,8,0,0
BRDA:132,9,0,0
BRDA:148,10,0,0
BRDA:161,11,0,0
BRDA:161,12,0,0
BRDA:161,12,1,0
BRDA:165,13,0,0
BRF:17
BRH:7
end_of_record
TN:
SF:src\modules\auth\auth.dto.ts
FN:11,(anonymous_0)
FNF:1
FNH:0
FNDA:0,(anonymous_0)
DA:1,1
DA:3,1
DA:11,0
DA:16,1
LF:4
LH:3
BRF:0
BRH:0
end_of_record
TN:
SF:src\modules\auth\auth.guards.ts
FN:3,isUserNotNeeding2FA
FNF:1
FNH:1
FNDA:2,isUserNotNeeding2FA
DA:3,1
DA:6,2
LF:2
LH:2
BRF:0
BRH:0
end_of_record
TN:
SF:src\modules\auth\auth.routes.ts
FNF:0
FNH:0
DA:1,0
DA:2,0
DA:3,0
DA:5,0
DA:6,0
DA:8,0
DA:9,0
DA:10,0
DA:11,0
DA:12,0
DA:13,0
DA:15,0
DA:16,0
DA:17,0
DA:19,0
LF:15
LH:0
BRF:0
BRH:0
end_of_record
TN:
SF:src\modules\auth\auth.service.ts
FN:18,(anonymous_9)
FN:88,(anonymous_10)
FN:186,(anonymous_11)
FN:219,(anonymous_12)
FN:241,(anonymous_13)
FN:251,(anonymous_14)
FN:311,(anonymous_15)
FN:335,(anonymous_16)
FN:387,(anonymous_17)
FNF:9
FNH:0
FNDA:0,(anonymous_9)
FNDA:0,(anonymous_10)
FNDA:0,(anonymous_11)
FNDA:0,(anonymous_12)
FNDA:0,(anonymous_13)
FNDA:0,(anonymous_14)
FNDA:0,(anonymous_15)
FNDA:0,(anonymous_16)
FNDA:0,(anonymous_17)
DA:1,0
DA:2,0
DA:3,0
DA:4,0
DA:5,0
DA:6,0
DA:7,0
DA:8,0
DA:9,0
DA:13,0
DA:14,0
DA:15,0
DA:17,0
DA:28,0
DA:29,0
DA:30,0
DA:44,0
DA:45,0
DA:56,0
DA:57,0
DA:59,0
DA:62,0
DA:63,0
DA:64,0
DA:71,0
DA:72,0
DA:76,0
DA:86,0
DA:94,0
DA:95,0
DA:101,0
DA:102,0
DA:112,0
DA:115,0
DA:116,0
DA:126,0
DA:129,0
DA:131,0
DA:132,0
DA:133,0
DA:143,0
DA:146,0
DA:154,0
DA:165,0
DA:166,0
DA:175,0
DA:177,0
DA:187,0
DA:193,0
DA:194,0
DA:197,0
DA:204,0
DA:205,0
DA:208,0
DA:210,0
DA:220,0
DA:225,0
DA:227,0
DA:235,0
DA:242,0
DA:252,0
DA:253,0
DA:259,0
DA:260,0
DA:270,0
DA:273,0
DA:274,0
DA:276,0
DA:284,0
DA:285,0
DA:288,0
DA:299,0
DA:300,0
DA:302,0
DA:305,0
DA:312,0
DA:318,0
DA:319,0
DA:322,0
DA:323,0
DA:326,0
DA:329,0
DA:341,0
DA:343,0
DA:345,0
DA:354,0
DA:355,0
DA:358,0
DA:364,0
DA:374,0
DA:375,0
DA:376,0
DA:379,0
DA:382,0
DA:388,0
DA:390,0
DA:391,0
DA:393,0
DA:401,0
LF:99
LH:0
BRDA:44,0,0,0
BRDA:56,1,0,0
BRDA:62,2,0,0
BRDA:101,3,0,0
BRDA:101,4,0,0
BRDA:101,4,1,0
BRDA:115,5,0,0
BRDA:115,6,0,0
BRDA:115,6,1,0
BRDA:131,7,0,0
BRDA:165,8,0,0
BRDA:193,9,0,0
BRDA:193,10,0,0
BRDA:193,10,1,0
BRDA:204,11,0,0
BRDA:259,12,0,0
BRDA:259,13,0,0
BRDA:259,13,1,0
BRDA:284,14,0,0
BRDA:318,15,0,0
BRDA:318,16,0,0
BRDA:318,16,1,0
BRDA:322,17,0,0
BRDA:322,18,0,0
BRDA:322,18,1,0
BRDA:354,19,0,0
BRDA:375,20,0,0
BRDA:388,21,0,0
BRDA:388,21,1,0
BRDA:390,22,0,0
BRDA:390,22,1,0
BRF:31
BRH:0
end_of_record
TN:
SF:src\modules\consent\consent.controller.ts
FN:6,(anonymous_0)
FN:34,(anonymous_1)
FNF:2
FNH:1
FNDA:2,(anonymous_0)
FNDA:0,(anonymous_1)
DA:2,1
DA:3,1
DA:5,1
DA:7,2
DA:8,2
DA:10,2
DA:11,0
DA:14,2
DA:15,2
DA:16,1
DA:19,1
DA:21,1
DA:28,1
DA:30,0
DA:35,0
DA:36,0
DA:37,0
DA:38,0
DA:41,0
DA:42,0
DA:43,0
DA:46,0
DA:47,0
DA:49,0
DA:51,0
LF:25
LH:12
BRDA:10,0,0,0
BRDA:15,1,0,1
BRDA:37,2,0,0
BRDA:42,3,0,0
BRF:4
BRH:1
end_of_record
TN:
SF:src\modules\consent\consent.dto.ts
FN:4,(anonymous_0)
FNF:1
FNH:1
FNDA:2,(anonymous_0)
DA:1,1
DA:3,1
DA:4,2
DA:9,1
LF:4
LH:4
BRF:0
BRH:0
end_of_record
TN:
SF:src\modules\consent\consent.routes.ts
FNF:0
FNH:0
DA:1,0
DA:2,0
DA:3,0
DA:5,0
DA:6,0
DA:8,0
DA:9,0
DA:11,0
LF:8
LH:0
BRF:0
BRH:0
end_of_record
TN:
SF:src\modules\consent\consent.service.ts
FN:5,(anonymous_0)
FN:31,(anonymous_1)
FN:46,(anonymous_2)
FNF:3
FNH:0
FNDA:0,(anonymous_0)
FNDA:0,(anonymous_1)
FNDA:0,(anonymous_2)
DA:1,0
DA:4,0
DA:11,0
DA:24,0
DA:25,0
DA:28,0
DA:32,0
DA:39,0
DA:40,0
DA:43,0
DA:47,0
DA:55,0
DA:56,0
DA:59,0
DA:63,0
LF:15
LH:0
BRDA:24,0,0,0
BRDA:31,1,0,0
BRDA:31,2,0,0
BRDA:39,3,0,0
BRDA:43,4,0,0
BRDA:43,4,1,0
BRDA:55,5,0,0
BRDA:55,6,0,0
BRDA:55,6,1,0
BRDA:59,7,0,0
BRDA:59,7,1,0
BRF:11
BRH:0
end_of_record
TN:
SF:src\modules\email\email.service.ts
FN:12,(anonymous_1)
FN:35,(anonymous_2)
FN:51,(anonymous_3)
FNF:3
FNH:0
FNDA:0,(anonymous_1)
FNDA:0,(anonymous_2)
FNDA:0,(anonymous_3)
DA:2,0
DA:3,0
DA:4,0
DA:11,0
DA:13,0
DA:14,0
DA:15,0
DA:26,0
DA:32,0
DA:36,0
DA:43,0
DA:49,0
DA:52,0
DA:53,0
DA:54,0
DA:57,0
DA:58,0
DA:59,0
DA:61,0
DA:66,0
LF:20
LH:0
BRDA:28,0,0,0
BRDA:28,0,1,0
BRDA:45,1,0,0
BRDA:45,1,1,0
BRDA:58,2,0,0
BRF:5
BRH:0
end_of_record
TN:
SF:src\modules\user\user.controller.ts
FN:5,(anonymous_0)
FN:24,(anonymous_1)
FN:47,(anonymous_2)
FNF:3
FNH:1
FNDA:2,(anonymous_0)
FNDA:0,(anonymous_1)
FNDA:0,(anonymous_2)
DA:2,1
DA:3,1
DA:4,1
DA:6,2
DA:7,2
DA:9,2
DA:10,1
DA:15,1
DA:16,1
DA:18,0
DA:25,0
DA:26,0
DA:28,0
DA:29,0
DA:34,0
DA:35,0
DA:37,0
DA:39,0
DA:41,0
DA:48,0
DA:49,0
DA:51,0
DA:52,0
DA:57,0
DA:58,0
DA:60,0
DA:62,0
DA:64,0
LF:28
LH:9
BRDA:9,0,0,1
BRDA:28,1,0,0
BRDA:51,2,0,0
BRF:3
BRH:1
end_of_record
TN:
SF:src\modules\user\user.routes.ts
FNF:0
FNH:0
DA:1,0
DA:2,0
DA:3,0
DA:5,0
DA:7,0
DA:9,0
DA:10,0
DA:11,0
DA:13,0
LF:9
LH:0
BRF:0
BRH:0
end_of_record
TN:
SF:src\modules\user\user.service.ts
FN:5,(anonymous_0)
FN:59,(anonymous_1)
FN:93,(anonymous_2)
FNF:3
FNH:0
FNDA:0,(anonymous_0)
FNDA:0,(anonymous_1)
FNDA:0,(anonymous_2)
DA:1,0
DA:2,0
DA:4,0
DA:6,0
DA:12,0
DA:13,0
DA:22,0
DA:25,0
DA:27,0
DA:28,0
DA:38,0
DA:41,0
DA:53,0
DA:60,0
DA:66,0
DA:67,0
DA:70,0
DA:72,0
DA:83,0
DA:94,0
DA:95,0
DA:96,0
DA:98,0
LF:23
LH:0
BRDA:12,0,0,0
BRDA:12,1,0,0
BRDA:12,1,1,0
BRDA:27,2,0,0
BRDA:66,3,0,0
BRDA:66,4,0,0
BRDA:66,4,1,0
BRDA:95,5,0,0
BRF:8
BRH:0
end_of_record
TN:
SF:src\routes\index.ts
FNF:0
FNH:0
DA:1,0
DA:2,0
DA:3,0
DA:4,0
DA:6,0
DA:8,0
DA:9,0
DA:10,0
DA:12,0
LF:9
LH:0
BRF:0
BRH:0
end_of_record
TN:
SF:src\utils\generate-reset-token.ts
FN:3,generateResetToken
FNF:1
FNH:0
FNDA:0,generateResetToken
DA:1,0
DA:3,0
DA:4,0
LF:3
LH:0
BRF:0
BRH:0
end_of_record
TN:
SF:src\utils\hash.ts
FN:5,hashPassword
FN:9,comparePassword
FN:13,hmacAuditLog
FNF:3
FNH:0
FNDA:0,hashPassword
FNDA:0,comparePassword
FNDA:0,hmacAuditLog
DA:1,0
DA:2,0
DA:3,0
DA:5,0
DA:6,0
DA:9,0
DA:10,0
DA:13,0
DA:14,0
LF:9
LH:0
BRF:0
BRH:0
end_of_record
TN:
SF:src\utils\jwt.ts
FN:4,generateToken
FN:11,verifyToken
FNF:2
FNH:0
FNDA:0,generateToken
FNDA:0,verifyToken
DA:1,0
DA:2,0
DA:4,0
DA:5,0
DA:11,0
DA:12,0
LF:6
LH:0
BRDA:4,0,0,0
BRF:1
BRH:0
end_of_record
TN:
SF:src\utils\requestHelper.ts
FN:4,getQueryString
FNF:1
FNH:0
FNDA:0,getQueryString
DA:4,0
DA:5,0
DA:7,0
DA:8,0
DA:11,0
DA:13,0
LF:6
LH:0
BRDA:5,0,0,0
BRDA:5,0,1,0
BRDA:7,1,0,0
BRDA:13,2,0,0
BRDA:13,2,1,0
BRF:5
BRH:0
end_of_record
TN:
SF:src\utils\session.ts
FN:10,buildSessionCookieOptions
FN:21,buildPending2FACookieOptions
FN:34,getSessionTokenFromRequest
FN:42,setSessionCookie
FN:46,clearSessionCookie
FN:51,setPending2FACookie
FN:59,clearPending2FACookie
FN:63,getPending2FAUserId
FNF:8
FNH:0
FNDA:0,buildSessionCookieOptions
FNDA:0,buildPending2FACookieOptions
FNDA:0,getSessionTokenFromRequest
FNDA:0,setSessionCookie
FNDA:0,clearSessionCookie
FNDA:0,setPending2FACookie
FNDA:0,clearPending2FACookie
FNDA:0,getPending2FAUserId
DA:2,0
DA:3,0
DA:6,0
DA:7,0
DA:11,0
DA:13,0
DA:22,0
DA:24,0
DA:34,0
DA:35,0
DA:42,0
DA:43,0
DA:46,0
DA:47,0
DA:51,0
DA:52,0
DA:56,0
DA:59,0
DA:60,0
DA:63,0
DA:64,0
DA:66,0
DA:67,0
DA:69,0
DA:70,0
DA:71,0
DA:73,0
LF:27
LH:0
BRDA:16,0,0,0
BRDA:16,0,1,0
BRDA:27,1,0,0
BRDA:27,1,1,0
BRDA:36,2,0,0
BRDA:36,2,1,0
BRDA:36,2,2,0
BRDA:66,3,0,0
BRF:8
BRH:0
end_of_record
